#
# A fatal error has been detected by the Java Runtime Environment:
#
#  EXCEPTION_ACCESS_VIOLATION (0xc0000005) at pc=0x00007ffd53eec64b, pid=8560, tid=11300
#
# JRE version: OpenJDK Runtime Environment (13.0+33) (build 13+33)
# Java VM: OpenJDK 64-Bit Server VM (13+33, mixed mode, sharing, tiered, compressed oops, g1 gc, windows-amd64)
# Problematic frame:
# V  [jvm.dll+0x5dc64b]
#
# No core dump will be written. Minidumps are not enabled by default on client versions of Windows
#
# If you would like to submit a bug report, please visit:
#   http://bugreport.java.com/bugreport/crash.jsp
#

---------------  S U M M A R Y ------------

Command Line: -Dfile.encoding=UTF-8 -agentpath:C:/Program Files/NetBeans-11.3/netbeans/profiler/lib/deployed/jdk16/windows-amd64/profilerinterface.dll=C:\Program Files\NetBeans-11.3\netbeans\profiler\lib,5140,10 -XX:+HeapDumpOnOutOfMemoryError -XX:HeapDumpPath=C:\Users\SankA\Downloads\bank\bank\jayantha_storetest_sasitha_update\jayantha_storetest_sasitha_update\nbproject\private\profiler INF.Login

Host: Intel(R) Core(TM) i5-8250U CPU @ 1.60GHz, 8 cores, 7G,  Windows 10 , 64 bit Build 19041 (10.0.19041.3155)
Time: Sat Sep 23 23:34:10 2023 Sri Lanka Standard Time elapsed time: 2 seconds (0d 0h 0m 2s)

---------------  T H R E A D  ---------------

Current thread (0x000001eba2f51800):  JavaThread "*** Profiler Agent Communication Thread" daemon [_thread_in_vm, id=11300, stack(0x00000097c9a00000,0x00000097c9b00000)]

Stack: [0x00000097c9a00000,0x00000097c9b00000],  sp=0x00000097c9afeed0,  free space=1019k
Native frames: (J=compiled Java code, j=interpreted, Vv=VM code, C=native code)
V  [jvm.dll+0x5dc64b]
V  [jvm.dll+0x4a8cf4]
C  [profilerinterface.dll+0x34da]

Java frames: (J=compiled Java code, j=interpreted, Vv=VM code)
j  org.netbeans.lib.profiler.server.system.Stacks.getMethodNamesForJMethodIds(I[I[I)[B+0
j  org.netbeans.lib.profiler.server.ProfilerInterface.getMethodNamesForJMethodIds([I)Lorg/netbeans/lib/profiler/wireprotocol/MethodNamesResponse;+20
j  org.netbeans.lib.profiler.server.ProfilerServer.handleClientCommand(Lorg/netbeans/lib/profiler/wireprotocol/Command;)V+691
j  org.netbeans.lib.profiler.server.ProfilerServer.listenToClient()V+48
j  org.netbeans.lib.profiler.server.ProfilerServer.run()V+22
v  ~StubRoutines::call_stub

siginfo: EXCEPTION_ACCESS_VIOLATION (0xc0000005), reading address 0xffffffffa5eef348


Register to memory mapping:

RIP=0x00007ffd53eec64b jvm.dll
RAX=0x00000097c9afef01 is pointing into the stack for thread: 0x000001eba2f51800
RBX=0x000001eba2f51800 is a thread
RCX=0xffffffffa5eef348 is an unknown value
RDX=0x000001eba2f51800 is a thread
RSP=0x00000097c9afeed0 is pointing into the stack for thread: 0x000001eba2f51800
RBP=0xffffffffa5eef348 is an unknown value
RSI=0x00000097c9afeff0 is pointing into the stack for thread: 0x000001eba2f51800
RDI=0x000001eb835d18a0 points into unknown readable memory: a0 cd 31 54 fd 7f 00 00
R8 =0x00000097c9afeff0 is pointing into the stack for thread: 0x000001eba2f51800
R9 =0x00000000000001fa is an unknown value
R10=0x0 is NULL
R11=0x00000097c9afeec8 is pointing into the stack for thread: 0x000001eba2f51800
R12=0x000001eba55bff50 points into unknown readable memory: 48 f3 ee 25 b0 53 9b 23
R13=0x0000000000000203 is an unknown value
R14=0x00007ffdb4e59c68 profilerinterface.dll
R15=0x00007ffdb4e59a60 profilerinterface.dll


Registers:
RAX=0x00000097c9afef01, RBX=0x000001eba2f51800, RCX=0xffffffffa5eef348, RDX=0x000001eba2f51800
RSP=0x00000097c9afeed0, RBP=0xffffffffa5eef348, RSI=0x00000097c9afeff0, RDI=0x000001eb835d18a0
R8 =0x00000097c9afeff0, R9 =0x00000000000001fa, R10=0x0000000000000000, R11=0x00000097c9afeec8
R12=0x000001eba55bff50, R13=0x0000000000000203, R14=0x00007ffdb4e59c68, R15=0x00007ffdb4e59a60
RIP=0x00007ffd53eec64b, EFLAGS=0x0000000000010286

Top of Stack: (sp=0x00000097c9afeed0)
0x00000097c9afeed0:   0000000000000203 0000000000000000
0x00000097c9afeee0:   000001eba2f51800 00000097c9aff0a8
0x00000097c9afeef0:   000001eba2f51800 00007ffd53db8cf4
0x00000097c9afef00:   0000000000005078 000001eba2f51800
0x00000097c9afef10:   000001eba2f51b10 00007ffdbea09d40
0x00000097c9afef20:   000001eba2f51800 0000000000000000
0x00000097c9afef30:   000001eb00000000 0000000000000000
0x00000097c9afef40:   ffffffffa5eef348 00007ffdb4e534da
0x00000097c9afef50:   0000000000000000 000001eba2f51b10
0x00000097c9afef60:   0000000000000280 00000097c9aff0a0
0x00000097c9afef70:   000001eba55bff50 00007ffd53c8af07
0x00000097c9afef80:   00000097c9afefa0 000001eba2eda4d0
0x00000097c9afef90:   00000000001532bb 000001eb8bb4059a
0x00000097c9afefa0:   000001eba27fc3f8 000001eba2f51800
0x00000097c9afefb0:   000001eba2f51800 000001eba27fc3f8
0x00000097c9afefc0:   0000000000000000 00000000000004c2 

Instructions: (pc=0x00007ffd53eec64b)
0x00007ffd53eec54b:   c6 05 91 30 48 00 01 eb 61 48 8b 54 24 20 45 33
0x00007ffd53eec55b:   c0 48 8b 05 55 a5 43 00 48 83 c2 18 48 8b ce ff
0x00007ffd53eec56b:   d0 48 85 c0 74 20 48 8b 44 24 20 48 8b d6 48 8b
0x00007ffd53eec57b:   48 08 48 8b 41 08 48 8b 48 18 48 8b 89 98 00 00
0x00007ffd53eec58b:   00 e8 1f f8 ff ff 38 1d b6 57 4a 00 74 13 48 8b
0x00007ffd53eec59b:   4c 24 20 48 8b d7 e8 8a 2b 00 00 48 39 5f 08 75
0x00007ffd53eec5ab:   09 48 8b 44 24 20 48 8b 58 18 48 8d 4c 24 20 e8
0x00007ffd53eec5bb:   61 98 d6 ff 48 8b 74 24 48 48 8b c3 48 8b 5c 24
0x00007ffd53eec5cb:   40 48 83 c4 30 5f c3 cc cc cc cc cc cc cc cc cc
0x00007ffd53eec5db:   cc cc cc cc cc 48 8b 51 08 4c 8b c1 48 8b 42 08
0x00007ffd53eec5eb:   0f b6 52 24 c0 ea 06 48 8b 48 18 8b 81 a4 00 00
0x00007ffd53eec5fb:   00 f6 c2 01 75 27 48 85 c9 74 14 8b c8 c1 e9 09
0x00007ffd53eec60b:   f6 c1 01 74 0a 41 f7 40 20 02 04 00 00 74 0e 41
0x00007ffd53eec61b:   8b 48 20 0b c8 f6 c1 10 74 03 b0 01 c3 41 83 78
0x00007ffd53eec62b:   24 fe 0f 94 c0 c3 cc cc cc cc cc cc cc cc cc cc
0x00007ffd53eec63b:   cc cc cc cc cc 40 53 48 83 ec 20 48 85 c9 74 24
0x00007ffd53eec64b:   48 8b 19 48 85 db 74 1c 48 83 fb 37 74 16 48 8b
0x00007ffd53eec65b:   13 48 8b cb ff 52 10 84 c0 74 09 48 8b c3 48 83
0x00007ffd53eec66b:   c4 20 5b c3 33 c0 48 83 c4 20 5b c3 cc cc cc cc
0x00007ffd53eec67b:   cc cc cc cc cc 40 53 55 41 56 41 57 48 83 ec 28
0x00007ffd53eec68b:   48 8b 41 08 33 ed 4c 8b f1 48 8b 50 08 4c 8b 7a
0x00007ffd53eec69b:   18 49 8b 9f 78 01 00 00 48 85 db 0f 84 d5 00 00
0x00007ffd53eec6ab:   00 8b 15 f2 0a 4f 00 65 48 8b 04 25 58 00 00 00
0x00007ffd53eec6bb:   48 89 74 24 50 4c 89 64 24 60 4c 89 6c 24 20 41
0x00007ffd53eec6cb:   bd ff ff 00 00 4c 8d 24 d0 41 b8 08 00 00 00 48
0x00007ffd53eec6db:   89 7c 24 58 90 49 8b 56 08 48 8b 73 10 0f b7 42
0x00007ffd53eec6eb:   2a 66 39 43 08 75 6c 0f b7 42 2c 66 39 43 0a 75
0x00007ffd53eec6fb:   62 48 63 4b 04 0f b6 03 88 44 11 38 49 8b 04 24
0x00007ffd53eec70b:   41 8b c8 48 8b 3c 01 49 8b ce 48 8b d7 e8 83 4c
0x00007ffd53eec71b:   bd ff 48 83 7f 08 00 75 0a 48 85 c0 74 05 66 44
0x00007ffd53eec72b:   01 68 16 48 85 ed 74 14 48 8b cb 48 89 75 10 e8
0x00007ffd53eec73b:   b1 e1 ad ff 41 b8 08 00 00 00 eb 1a 48 8b cb 49 


Stack slot to memory mapping:
stack at sp + 0 slots: 0x0000000000000203 is an unknown value
stack at sp + 1 slots: 0x0 is NULL
stack at sp + 2 slots: 0x000001eba2f51800 is a thread
stack at sp + 3 slots: 0x00000097c9aff0a8 is pointing into the stack for thread: 0x000001eba2f51800
stack at sp + 4 slots: 0x000001eba2f51800 is a thread
stack at sp + 5 slots: 0x00007ffd53db8cf4 jvm.dll
stack at sp + 6 slots: 0x0000000000005078 is an unknown value
stack at sp + 7 slots: 0x000001eba2f51800 is a thread


---------------  P R O C E S S  ---------------

Threads class SMR info:
_java_thread_list=0x000001eba2f20340, length=22, elements={
0x000001eba24b4000, 0x000001eba248e000, 0x000001eba24ad800, 0x000001eba24ae800,
0x000001eba24b0800, 0x000001eba2dc3800, 0x000001eba2dc5800, 0x000001eba2f0a000,
0x000001eba2f51800, 0x000001eba2fd8800, 0x000001eba2ff4800, 0x000001eba39bb800,
0x000001eba39ab000, 0x000001eba3b3f800, 0x000001eba3a02000, 0x000001eba3a05000,
0x000001eba3aa0000, 0x000001eba39ad800, 0x000001eb835df800, 0x000001eba3f47000,
0x000001eba3f49800, 0x000001eba5b7c800
}

Java Threads: ( => current thread )
  0x000001eba24b4000 JavaThread "Reference Handler" daemon [_thread_blocked, id=16492, stack(0x00000097c9200000,0x00000097c9300000)]
  0x000001eba248e000 JavaThread "Finalizer" daemon [_thread_blocked, id=14280, stack(0x00000097c9300000,0x00000097c9400000)]
  0x000001eba24ad800 JavaThread "Signal Dispatcher" daemon [_thread_blocked, id=9892, stack(0x00000097c9400000,0x00000097c9500000)]
  0x000001eba24ae800 JavaThread "Attach Listener" daemon [_thread_blocked, id=9136, stack(0x00000097c9500000,0x00000097c9600000)]
  0x000001eba24b0800 JavaThread "C2 CompilerThread0" daemon [_thread_blocked, id=13520, stack(0x00000097c9600000,0x00000097c9700000)]
  0x000001eba2dc3800 JavaThread "C1 CompilerThread0" daemon [_thread_blocked, id=16840, stack(0x00000097c9700000,0x00000097c9800000)]
  0x000001eba2dc5800 JavaThread "Sweeper thread" daemon [_thread_blocked, id=11088, stack(0x00000097c9800000,0x00000097c9900000)]
  0x000001eba2f0a000 JavaThread "Common-Cleaner" daemon [_thread_blocked, id=3276, stack(0x00000097c9900000,0x00000097c9a00000)]
=>0x000001eba2f51800 JavaThread "*** Profiler Agent Communication Thread" daemon [_thread_in_vm, id=11300, stack(0x00000097c9a00000,0x00000097c9b00000)]
  0x000001eba2fd8800 JavaThread "*** JFluid Monitor thread ***" daemon [_thread_blocked, id=2764, stack(0x00000097c9b00000,0x00000097c9c00000)]
  0x000001eba2ff4800 JavaThread "*** Profiler Agent Special Execution Thread 6" daemon [_thread_blocked, id=14512, stack(0x00000097c9c00000,0x00000097c9d00000)]
  0x000001eba39bb800 JavaThread "*** Profiler Agent Special Execution Thread 10" daemon [_thread_blocked, id=1076, stack(0x00000097c9e00000,0x00000097c9f00000)]
  0x000001eba39ab000 JavaThread "Service Thread" daemon [_thread_blocked, id=4776, stack(0x00000097c9d00000,0x00000097c9e00000)]
  0x000001eba3b3f800 JavaThread "Java2D Disposer" daemon [_thread_blocked, id=8576, stack(0x00000097ca000000,0x00000097ca100000)]
  0x000001eba3a02000 JavaThread "AWT-Shutdown" [_thread_blocked, id=8900, stack(0x00000097ca100000,0x00000097ca200000)]
  0x000001eba3a05000 JavaThread "AWT-Windows" daemon [_thread_blocked, id=1656, stack(0x00000097ca200000,0x00000097ca300000)]
  0x000001eba3aa0000 JavaThread "C2 CompilerThread1" daemon [_thread_blocked, id=12748, stack(0x00000097ca300000,0x00000097ca400000)]
  0x000001eba39ad800 JavaThread "AWT-EventQueue-0" [_thread_blocked, id=12308, stack(0x00000097ca400000,0x00000097ca500000)]
  0x000001eb835df800 JavaThread "DestroyJavaVM" [_thread_blocked, id=5744, stack(0x00000097c8b00000,0x00000097c8c00000)]
  0x000001eba3f47000 JavaThread "mysql-cj-abandoned-connection-cleanup" daemon [_thread_blocked, id=2700, stack(0x00000097ca800000,0x00000097ca900000)]
  0x000001eba3f49800 JavaThread "TimerQueue" daemon [_thread_blocked, id=12588, stack(0x00000097ca900000,0x00000097caa00000)]
  0x000001eba5b7c800 JavaThread "C2 CompilerThread2" daemon [_thread_blocked, id=11576, stack(0x00000097caa00000,0x00000097cab00000)]

Other Threads:
  0x000001eba24a0000 VMThread "VM Thread" [stack: 0x00000097c9100000,0x00000097c9200000] [id=8020] _threads_hazard_ptr=0x000001eba2f20340
  0x000001eba39ab800 WatcherThread [stack: 0x00000097c9f00000,0x00000097ca000000] [id=12472]
  0x000001eb83624800 GCTaskThread "GC Thread#0" [stack: 0x00000097c8c00000,0x00000097c8d00000] [id=16432]
  0x000001eba5b87000 GCTaskThread "GC Thread#1" [stack: 0x00000097cab00000,0x00000097cac00000] [id=4996]
  0x000001eba58fe000 GCTaskThread "GC Thread#2" [stack: 0x00000097cac00000,0x00000097cad00000] [id=16848]
  0x000001eba5908800 GCTaskThread "GC Thread#3" [stack: 0x00000097cad00000,0x00000097cae00000] [id=7888]
  0x000001eba5909000 GCTaskThread "GC Thread#4" [stack: 0x00000097cae00000,0x00000097caf00000] [id=12336]
  0x000001eba5b7f800 GCTaskThread "GC Thread#5" [stack: 0x00000097caf00000,0x00000097cb000000] [id=8096]
  0x000001eb83636000 ConcurrentGCThread "G1 Main Marker" [stack: 0x00000097c8d00000,0x00000097c8e00000] [id=14780]
  0x000001eb83637000 ConcurrentGCThread "G1 Conc#0" [stack: 0x00000097c8e00000,0x00000097c8f00000] [id=14912]
  0x000001eb836be000 ConcurrentGCThread "G1 Refine#0" [stack: 0x00000097c8f00000,0x00000097c9000000] [id=11072]
  0x000001eba2f6e000 ConcurrentGCThread "G1 Refine#1" [stack: 0x00000097cb000000,0x00000097cb100000] [id=8800]
  0x000001eba403c800 ConcurrentGCThread "G1 Refine#2" [stack: 0x00000097cb100000,0x00000097cb200000] [id=8148]
  0x000001eba230b800 ConcurrentGCThread "G1 Young RemSet Sampling" [stack: 0x00000097c9000000,0x00000097c9100000] [id=8284]

Threads with active compile tasks:
C2 CompilerThread0     2153 1794       4       sun.util.locale.BaseLocale::getInstance (186 bytes)
C1 CompilerThread0     2153 1962       3       java.awt.AWTEvent::<init> (81 bytes)
C2 CompilerThread1     2153 1809 % !   4       javax.swing.TimerQueue::run @ 9 (242 bytes)
C2 CompilerThread2     2153 1857   !   4       javax.swing.TimerQueue::addTimer (82 bytes)

VM state:synchronizing (normal execution)

VM Mutex/Monitor currently owned by a thread:  ([mutex/lock_event])
[0x000001eb835da2c0] Threads_lock - owner thread: 0x000001eba24a0000

Heap address: 0x0000000081c00000, size: 2020 MB, Compressed Oops mode: 32-bit
Narrow klass base: 0x0000000800000000, Narrow klass shift: 3
Compressed class space size: 1073741824 Address: 0x0000000800b40000

Heap:
 garbage-first heap   total 131072K, used 26112K [0x0000000081c00000, 0x0000000100000000)
  region size 1024K, 20 young (20480K), 3 survivors (3072K)
 Metaspace       used 17510K, capacity 18008K, committed 18048K, reserved 1064960K
  class space    used 1949K, capacity 2165K, committed 2176K, reserved 1048576K
Heap Regions: E=young(eden), S=young(survivor), O=old, HS=humongous(starts), HC=humongous(continues), CS=collection set, F=free, A=archive, TAMS=top-at-mark-start (previous, next)
|   0|0x0000000081c00000, 0x0000000081d00000, 0x0000000081d00000|100%|HS|  |TAMS 0x0000000081c00000, 0x0000000081c00000| Complete 
|   1|0x0000000081d00000, 0x0000000081e00000, 0x0000000081e00000|100%|HC|  |TAMS 0x0000000081d00000, 0x0000000081d00000| Complete 
|   2|0x0000000081e00000, 0x0000000081f00000, 0x0000000081f00000|100%|HS|  |TAMS 0x0000000081e00000, 0x0000000081e00000| Complete 
|   3|0x0000000081f00000, 0x0000000082000000, 0x0000000082000000|100%| O|  |TAMS 0x0000000081f00000, 0x0000000081f00000| Untracked 
|   4|0x0000000082000000, 0x0000000082100000, 0x0000000082100000|100%| O|  |TAMS 0x0000000082000000, 0x0000000082000000| Untracked 
|   5|0x0000000082100000, 0x0000000082200000, 0x0000000082200000|100%| O|  |TAMS 0x0000000082100000, 0x0000000082100000| Untracked 
|   6|0x0000000082200000, 0x0000000082280000, 0x0000000082300000| 50%| O|  |TAMS 0x0000000082200000, 0x0000000082200000| Untracked 
|   7|0x0000000082300000, 0x0000000082300000, 0x0000000082400000|  0%| F|  |TAMS 0x0000000082300000, 0x0000000082300000| Untracked 
|   8|0x0000000082400000, 0x0000000082400000, 0x0000000082500000|  0%| F|  |TAMS 0x0000000082400000, 0x0000000082400000| Untracked 
|   9|0x0000000082500000, 0x0000000082500000, 0x0000000082600000|  0%| F|  |TAMS 0x0000000082500000, 0x0000000082500000| Untracked 
|  10|0x0000000082600000, 0x0000000082600000, 0x0000000082700000|  0%| F|  |TAMS 0x0000000082600000, 0x0000000082600000| Untracked 
|  11|0x0000000082700000, 0x0000000082700000, 0x0000000082800000|  0%| F|  |TAMS 0x0000000082700000, 0x0000000082700000| Untracked 
|  12|0x0000000082800000, 0x0000000082800000, 0x0000000082900000|  0%| F|  |TAMS 0x0000000082800000, 0x0000000082800000| Untracked 
|  13|0x0000000082900000, 0x0000000082900000, 0x0000000082a00000|  0%| F|  |TAMS 0x0000000082900000, 0x0000000082900000| Untracked 
|  14|0x0000000082a00000, 0x0000000082a00000, 0x0000000082b00000|  0%| F|  |TAMS 0x0000000082a00000, 0x0000000082a00000| Untracked 
|  15|0x0000000082b00000, 0x0000000082b00000, 0x0000000082c00000|  0%| F|  |TAMS 0x0000000082b00000, 0x0000000082b00000| Untracked 
|  16|0x0000000082c00000, 0x0000000082c00000, 0x0000000082d00000|  0%| F|  |TAMS 0x0000000082c00000, 0x0000000082c00000| Untracked 
|  17|0x0000000082d00000, 0x0000000082d00000, 0x0000000082e00000|  0%| F|  |TAMS 0x0000000082d00000, 0x0000000082d00000| Untracked 
|  18|0x0000000082e00000, 0x0000000082e00000, 0x0000000082f00000|  0%| F|  |TAMS 0x0000000082e00000, 0x0000000082e00000| Untracked 
|  19|0x0000000082f00000, 0x0000000082f00000, 0x0000000083000000|  0%| F|  |TAMS 0x0000000082f00000, 0x0000000082f00000| Untracked 
|  20|0x0000000083000000, 0x0000000083000000, 0x0000000083100000|  0%| F|  |TAMS 0x0000000083000000, 0x0000000083000000| Untracked 
|  21|0x0000000083100000, 0x0000000083100000, 0x0000000083200000|  0%| F|  |TAMS 0x0000000083100000, 0x0000000083100000| Untracked 
|  22|0x0000000083200000, 0x0000000083200000, 0x0000000083300000|  0%| F|  |TAMS 0x0000000083200000, 0x0000000083200000| Untracked 
|  23|0x0000000083300000, 0x0000000083300000, 0x0000000083400000|  0%| F|  |TAMS 0x0000000083300000, 0x0000000083300000| Untracked 
|  24|0x0000000083400000, 0x0000000083400000, 0x0000000083500000|  0%| F|  |TAMS 0x0000000083400000, 0x0000000083400000| Untracked 
|  25|0x0000000083500000, 0x0000000083500000, 0x0000000083600000|  0%| F|  |TAMS 0x0000000083500000, 0x0000000083500000| Untracked 
|  26|0x0000000083600000, 0x0000000083600000, 0x0000000083700000|  0%| F|  |TAMS 0x0000000083600000, 0x0000000083600000| Untracked 
|  27|0x0000000083700000, 0x0000000083700000, 0x0000000083800000|  0%| F|  |TAMS 0x0000000083700000, 0x0000000083700000| Untracked 
|  28|0x0000000083800000, 0x0000000083800000, 0x0000000083900000|  0%| F|  |TAMS 0x0000000083800000, 0x0000000083800000| Untracked 
|  29|0x0000000083900000, 0x0000000083900000, 0x0000000083a00000|  0%| F|  |TAMS 0x0000000083900000, 0x0000000083900000| Untracked 
|  30|0x0000000083a00000, 0x0000000083a00000, 0x0000000083b00000|  0%| F|  |TAMS 0x0000000083a00000, 0x0000000083a00000| Untracked 
|  31|0x0000000083b00000, 0x0000000083b00000, 0x0000000083c00000|  0%| F|  |TAMS 0x0000000083b00000, 0x0000000083b00000| Untracked 
|  32|0x0000000083c00000, 0x0000000083c00000, 0x0000000083d00000|  0%| F|  |TAMS 0x0000000083c00000, 0x0000000083c00000| Untracked 
|  33|0x0000000083d00000, 0x0000000083d00000, 0x0000000083e00000|  0%| F|  |TAMS 0x0000000083d00000, 0x0000000083d00000| Untracked 
|  34|0x0000000083e00000, 0x0000000083e00000, 0x0000000083f00000|  0%| F|  |TAMS 0x0000000083e00000, 0x0000000083e00000| Untracked 
|  35|0x0000000083f00000, 0x0000000083f00000, 0x0000000084000000|  0%| F|  |TAMS 0x0000000083f00000, 0x0000000083f00000| Untracked 
|  36|0x0000000084000000, 0x0000000084000000, 0x0000000084100000|  0%| F|  |TAMS 0x0000000084000000, 0x0000000084000000| Untracked 
|  37|0x0000000084100000, 0x0000000084100000, 0x0000000084200000|  0%| F|  |TAMS 0x0000000084100000, 0x0000000084100000| Untracked 
|  38|0x0000000084200000, 0x0000000084200000, 0x0000000084300000|  0%| F|  |TAMS 0x0000000084200000, 0x0000000084200000| Untracked 
|  39|0x0000000084300000, 0x0000000084300000, 0x0000000084400000|  0%| F|  |TAMS 0x0000000084300000, 0x0000000084300000| Untracked 
|  40|0x0000000084400000, 0x0000000084400000, 0x0000000084500000|  0%| F|  |TAMS 0x0000000084400000, 0x0000000084400000| Untracked 
|  41|0x0000000084500000, 0x0000000084500000, 0x0000000084600000|  0%| F|  |TAMS 0x0000000084500000, 0x0000000084500000| Untracked 
|  42|0x0000000084600000, 0x0000000084600000, 0x0000000084700000|  0%| F|  |TAMS 0x0000000084600000, 0x0000000084600000| Untracked 
|  43|0x0000000084700000, 0x0000000084700000, 0x0000000084800000|  0%| F|  |TAMS 0x0000000084700000, 0x0000000084700000| Untracked 
|  44|0x0000000084800000, 0x0000000084800000, 0x0000000084900000|  0%| F|  |TAMS 0x0000000084800000, 0x0000000084800000| Untracked 
|  45|0x0000000084900000, 0x0000000084900000, 0x0000000084a00000|  0%| F|  |TAMS 0x0000000084900000, 0x0000000084900000| Untracked 
|  46|0x0000000084a00000, 0x0000000084a00000, 0x0000000084b00000|  0%| F|  |TAMS 0x0000000084a00000, 0x0000000084a00000| Untracked 
|  47|0x0000000084b00000, 0x0000000084b00000, 0x0000000084c00000|  0%| F|  |TAMS 0x0000000084b00000, 0x0000000084b00000| Untracked 
|  48|0x0000000084c00000, 0x0000000084c00000, 0x0000000084d00000|  0%| F|  |TAMS 0x0000000084c00000, 0x0000000084c00000| Untracked 
|  49|0x0000000084d00000, 0x0000000084d00000, 0x0000000084e00000|  0%| F|  |TAMS 0x0000000084d00000, 0x0000000084d00000| Untracked 
|  50|0x0000000084e00000, 0x0000000084e00000, 0x0000000084f00000|  0%| F|  |TAMS 0x0000000084e00000, 0x0000000084e00000| Untracked 
|  51|0x0000000084f00000, 0x0000000084f00000, 0x0000000085000000|  0%| F|  |TAMS 0x0000000084f00000, 0x0000000084f00000| Untracked 
|  52|0x0000000085000000, 0x0000000085000000, 0x0000000085100000|  0%| F|  |TAMS 0x0000000085000000, 0x0000000085000000| Untracked 
|  53|0x0000000085100000, 0x0000000085100000, 0x0000000085200000|  0%| F|  |TAMS 0x0000000085100000, 0x0000000085100000| Untracked 
|  54|0x0000000085200000, 0x0000000085200000, 0x0000000085300000|  0%| F|  |TAMS 0x0000000085200000, 0x0000000085200000| Untracked 
|  55|0x0000000085300000, 0x0000000085300000, 0x0000000085400000|  0%| F|  |TAMS 0x0000000085300000, 0x0000000085300000| Untracked 
|  56|0x0000000085400000, 0x0000000085400000, 0x0000000085500000|  0%| F|  |TAMS 0x0000000085400000, 0x0000000085400000| Untracked 
|  57|0x0000000085500000, 0x0000000085500000, 0x0000000085600000|  0%| F|  |TAMS 0x0000000085500000, 0x0000000085500000| Untracked 
|  58|0x0000000085600000, 0x0000000085600000, 0x0000000085700000|  0%| F|  |TAMS 0x0000000085600000, 0x0000000085600000| Untracked 
|  59|0x0000000085700000, 0x0000000085700000, 0x0000000085800000|  0%| F|  |TAMS 0x0000000085700000, 0x0000000085700000| Untracked 
|  60|0x0000000085800000, 0x0000000085800000, 0x0000000085900000|  0%| F|  |TAMS 0x0000000085800000, 0x0000000085800000| Untracked 
|  61|0x0000000085900000, 0x0000000085900000, 0x0000000085a00000|  0%| F|  |TAMS 0x0000000085900000, 0x0000000085900000| Untracked 
|  62|0x0000000085a00000, 0x0000000085a00000, 0x0000000085b00000|  0%| F|  |TAMS 0x0000000085a00000, 0x0000000085a00000| Untracked 
|  63|0x0000000085b00000, 0x0000000085b00000, 0x0000000085c00000|  0%| F|  |TAMS 0x0000000085b00000, 0x0000000085b00000| Untracked 
|  64|0x0000000085c00000, 0x0000000085c00000, 0x0000000085d00000|  0%| F|  |TAMS 0x0000000085c00000, 0x0000000085c00000| Untracked 
|  65|0x0000000085d00000, 0x0000000085d00000, 0x0000000085e00000|  0%| F|  |TAMS 0x0000000085d00000, 0x0000000085d00000| Untracked 
|  66|0x0000000085e00000, 0x0000000085e00000, 0x0000000085f00000|  0%| F|  |TAMS 0x0000000085e00000, 0x0000000085e00000| Untracked 
|  67|0x0000000085f00000, 0x0000000085f00000, 0x0000000086000000|  0%| F|  |TAMS 0x0000000085f00000, 0x0000000085f00000| Untracked 
|  68|0x0000000086000000, 0x0000000086000000, 0x0000000086100000|  0%| F|  |TAMS 0x0000000086000000, 0x0000000086000000| Untracked 
|  69|0x0000000086100000, 0x0000000086100000, 0x0000000086200000|  0%| F|  |TAMS 0x0000000086100000, 0x0000000086100000| Untracked 
|  70|0x0000000086200000, 0x0000000086200000, 0x0000000086300000|  0%| F|  |TAMS 0x0000000086200000, 0x0000000086200000| Untracked 
|  71|0x0000000086300000, 0x0000000086300000, 0x0000000086400000|  0%| F|  |TAMS 0x0000000086300000, 0x0000000086300000| Untracked 
|  72|0x0000000086400000, 0x0000000086400000, 0x0000000086500000|  0%| F|  |TAMS 0x0000000086400000, 0x0000000086400000| Untracked 
|  73|0x0000000086500000, 0x0000000086500000, 0x0000000086600000|  0%| F|  |TAMS 0x0000000086500000, 0x0000000086500000| Untracked 
|  74|0x0000000086600000, 0x0000000086600000, 0x0000000086700000|  0%| F|  |TAMS 0x0000000086600000, 0x0000000086600000| Untracked 
|  75|0x0000000086700000, 0x0000000086700000, 0x0000000086800000|  0%| F|  |TAMS 0x0000000086700000, 0x0000000086700000| Untracked 
|  76|0x0000000086800000, 0x0000000086800000, 0x0000000086900000|  0%| F|  |TAMS 0x0000000086800000, 0x0000000086800000| Untracked 
|  77|0x0000000086900000, 0x0000000086900000, 0x0000000086a00000|  0%| F|  |TAMS 0x0000000086900000, 0x0000000086900000| Untracked 
|  78|0x0000000086a00000, 0x0000000086a00000, 0x0000000086b00000|  0%| F|  |TAMS 0x0000000086a00000, 0x0000000086a00000| Untracked 
|  79|0x0000000086b00000, 0x0000000086b00000, 0x0000000086c00000|  0%| F|  |TAMS 0x0000000086b00000, 0x0000000086b00000| Untracked 
|  80|0x0000000086c00000, 0x0000000086c00000, 0x0000000086d00000|  0%| F|  |TAMS 0x0000000086c00000, 0x0000000086c00000| Untracked 
|  81|0x0000000086d00000, 0x0000000086d00000, 0x0000000086e00000|  0%| F|  |TAMS 0x0000000086d00000, 0x0000000086d00000| Untracked 
|  82|0x0000000086e00000, 0x0000000086e00000, 0x0000000086f00000|  0%| F|  |TAMS 0x0000000086e00000, 0x0000000086e00000| Untracked 
|  83|0x0000000086f00000, 0x0000000086f00000, 0x0000000087000000|  0%| F|  |TAMS 0x0000000086f00000, 0x0000000086f00000| Untracked 
|  84|0x0000000087000000, 0x0000000087000000, 0x0000000087100000|  0%| F|  |TAMS 0x0000000087000000, 0x0000000087000000| Untracked 
|  85|0x0000000087100000, 0x0000000087100000, 0x0000000087200000|  0%| F|  |TAMS 0x0000000087100000, 0x0000000087100000| Untracked 
|  86|0x0000000087200000, 0x0000000087200000, 0x0000000087300000|  0%| F|  |TAMS 0x0000000087200000, 0x0000000087200000| Untracked 
|  87|0x0000000087300000, 0x0000000087300000, 0x0000000087400000|  0%| F|  |TAMS 0x0000000087300000, 0x0000000087300000| Untracked 
|  88|0x0000000087400000, 0x0000000087400000, 0x0000000087500000|  0%| F|  |TAMS 0x0000000087400000, 0x0000000087400000| Untracked 
|  89|0x0000000087500000, 0x0000000087500000, 0x0000000087600000|  0%| F|  |TAMS 0x0000000087500000, 0x0000000087500000| Untracked 
|  90|0x0000000087600000, 0x0000000087600000, 0x0000000087700000|  0%| F|  |TAMS 0x0000000087600000, 0x0000000087600000| Untracked 
|  91|0x0000000087700000, 0x0000000087700000, 0x0000000087800000|  0%| F|  |TAMS 0x0000000087700000, 0x0000000087700000| Untracked 
|  92|0x0000000087800000, 0x0000000087800000, 0x0000000087900000|  0%| F|  |TAMS 0x0000000087800000, 0x0000000087800000| Untracked 
|  93|0x0000000087900000, 0x0000000087900000, 0x0000000087a00000|  0%| F|  |TAMS 0x0000000087900000, 0x0000000087900000| Untracked 
|  94|0x0000000087a00000, 0x0000000087a00000, 0x0000000087b00000|  0%| F|  |TAMS 0x0000000087a00000, 0x0000000087a00000| Untracked 
|  95|0x0000000087b00000, 0x0000000087b00000, 0x0000000087c00000|  0%| F|  |TAMS 0x0000000087b00000, 0x0000000087b00000| Untracked 
|  96|0x0000000087c00000, 0x0000000087c00000, 0x0000000087d00000|  0%| F|  |TAMS 0x0000000087c00000, 0x0000000087c00000| Untracked 
|  97|0x0000000087d00000, 0x0000000087d00000, 0x0000000087e00000|  0%| F|  |TAMS 0x0000000087d00000, 0x0000000087d00000| Untracked 
|  98|0x0000000087e00000, 0x0000000087e00000, 0x0000000087f00000|  0%| F|  |TAMS 0x0000000087e00000, 0x0000000087e00000| Untracked 
|  99|0x0000000087f00000, 0x0000000087f00000, 0x0000000088000000|  0%| F|  |TAMS 0x0000000087f00000, 0x0000000087f00000| Untracked 
| 100|0x0000000088000000, 0x0000000088000000, 0x0000000088100000|  0%| F|  |TAMS 0x0000000088000000, 0x0000000088000000| Untracked 
| 101|0x0000000088100000, 0x0000000088200000, 0x0000000088200000|100%| S|CS|TAMS 0x0000000088100000, 0x0000000088100000| Complete 
| 102|0x0000000088200000, 0x0000000088300000, 0x0000000088300000|100%| S|CS|TAMS 0x0000000088200000, 0x0000000088200000| Complete 
| 103|0x0000000088300000, 0x0000000088400000, 0x0000000088400000|100%| S|CS|TAMS 0x0000000088300000, 0x0000000088300000| Complete 
| 104|0x0000000088400000, 0x0000000088400000, 0x0000000088500000|  0%| F|  |TAMS 0x0000000088400000, 0x0000000088400000| Untracked 
| 105|0x0000000088500000, 0x0000000088500000, 0x0000000088600000|  0%| F|  |TAMS 0x0000000088500000, 0x0000000088500000| Untracked 
| 106|0x0000000088600000, 0x0000000088600000, 0x0000000088700000|  0%| F|  |TAMS 0x0000000088600000, 0x0000000088600000| Untracked 
| 107|0x0000000088700000, 0x0000000088700000, 0x0000000088800000|  0%| F|  |TAMS 0x0000000088700000, 0x0000000088700000| Untracked 
| 108|0x0000000088800000, 0x0000000088800000, 0x0000000088900000|  0%| F|  |TAMS 0x0000000088800000, 0x0000000088800000| Untracked 
| 109|0x0000000088900000, 0x0000000088900000, 0x0000000088a00000|  0%| F|  |TAMS 0x0000000088900000, 0x0000000088900000| Untracked 
| 110|0x0000000088a00000, 0x0000000088a00000, 0x0000000088b00000|  0%| F|  |TAMS 0x0000000088a00000, 0x0000000088a00000| Untracked 
| 111|0x0000000088b00000, 0x0000000088b80800, 0x0000000088c00000| 50%| E|  |TAMS 0x0000000088b00000, 0x0000000088b00000| Complete 
| 112|0x0000000088c00000, 0x0000000088d00000, 0x0000000088d00000|100%| E|CS|TAMS 0x0000000088c00000, 0x0000000088c00000| Complete 
| 113|0x0000000088d00000, 0x0000000088e00000, 0x0000000088e00000|100%| E|CS|TAMS 0x0000000088d00000, 0x0000000088d00000| Complete 
| 114|0x0000000088e00000, 0x0000000088f00000, 0x0000000088f00000|100%| E|CS|TAMS 0x0000000088e00000, 0x0000000088e00000| Complete 
| 115|0x0000000088f00000, 0x0000000089000000, 0x0000000089000000|100%| E|CS|TAMS 0x0000000088f00000, 0x0000000088f00000| Complete 
| 116|0x0000000089000000, 0x0000000089100000, 0x0000000089100000|100%| E|CS|TAMS 0x0000000089000000, 0x0000000089000000| Complete 
| 117|0x0000000089100000, 0x0000000089200000, 0x0000000089200000|100%| E|CS|TAMS 0x0000000089100000, 0x0000000089100000| Complete 
| 118|0x0000000089200000, 0x0000000089300000, 0x0000000089300000|100%| E|CS|TAMS 0x0000000089200000, 0x0000000089200000| Complete 
| 119|0x0000000089300000, 0x0000000089400000, 0x0000000089400000|100%| E|CS|TAMS 0x0000000089300000, 0x0000000089300000| Complete 
| 120|0x0000000089400000, 0x0000000089500000, 0x0000000089500000|100%| E|CS|TAMS 0x0000000089400000, 0x0000000089400000| Complete 
| 121|0x0000000089500000, 0x0000000089600000, 0x0000000089600000|100%| E|CS|TAMS 0x0000000089500000, 0x0000000089500000| Complete 
| 122|0x0000000089600000, 0x0000000089700000, 0x0000000089700000|100%| E|CS|TAMS 0x0000000089600000, 0x0000000089600000| Complete 
| 123|0x0000000089700000, 0x0000000089800000, 0x0000000089800000|100%| E|CS|TAMS 0x0000000089700000, 0x0000000089700000| Complete 
| 124|0x0000000089800000, 0x0000000089900000, 0x0000000089900000|100%| E|CS|TAMS 0x0000000089800000, 0x0000000089800000| Complete 
| 125|0x0000000089900000, 0x0000000089a00000, 0x0000000089a00000|100%| E|CS|TAMS 0x0000000089900000, 0x0000000089900000| Complete 
| 126|0x0000000089a00000, 0x0000000089b00000, 0x0000000089b00000|100%| E|CS|TAMS 0x0000000089a00000, 0x0000000089a00000| Complete 
| 127|0x0000000089b00000, 0x0000000089c00000, 0x0000000089c00000|100%| E|CS|TAMS 0x0000000089b00000, 0x0000000089b00000| Complete 

Card table byte_map: [0x000001eb9b320000,0x000001eb9b720000] _byte_map_base: 0x000001eb9af12000

Marking Bits (Prev, Next): (CMBitMap*) 0x000001eb83625318, (CMBitMap*) 0x000001eb83625358
 Prev Bits: [0x000001eb9bb20000, 0x000001eb9dab0000)
 Next Bits: [0x000001eb9dab0000, 0x000001eb9fa40000)

Polling page: 0x000001eb815a0000

Metaspace:

Usage:
  Non-class:     15.47 MB capacity,    15.20 MB ( 98%) used,   242.80 KB (  2%) free+waste,    39.00 KB ( <1%) overhead. 
      Class:      2.11 MB capacity,     1.90 MB ( 90%) used,   194.40 KB (  9%) free+waste,    21.56 KB ( <1%) overhead. 
       Both:     17.59 MB capacity,    17.10 MB ( 97%) used,   437.20 KB (  2%) free+waste,    60.56 KB ( <1%) overhead. 

Virtual space:
  Non-class space:       16.00 MB reserved,      15.50 MB ( 97%) committed 
      Class space:        1.00 GB reserved,       2.13 MB ( <1%) committed 
             Both:        1.02 GB reserved,      17.63 MB (  2%) committed 

Chunk freelists:
   Non-Class:  29.00 KB
       Class:  11.00 KB
        Both:  40.00 KB

MaxMetaspaceSize: 17179869184.00 GB
CompressedClassSpaceSize: 1.00 GB

CodeHeap 'non-profiled nmethods': size=120000Kb used=694Kb max_used=694Kb free=119305Kb
 bounds [0x000001eb935b0000, 0x000001eb93820000, 0x000001eb9aae0000]
CodeHeap 'profiled nmethods': size=120000Kb used=3775Kb max_used=3775Kb free=116224Kb
 bounds [0x000001eb8c080000, 0x000001eb8c430000, 0x000001eb935b0000]
CodeHeap 'non-nmethods': size=5760Kb used=1400Kb max_used=1418Kb free=4359Kb
 bounds [0x000001eb8bae0000, 0x000001eb8bd50000, 0x000001eb8c080000]
 total_blobs=3315 nmethods=1943 adapters=622
 compilation: enabled
              stopped_count=0, restarted_count=0
 full_count=0

Compilation events (20 events):
Event: 2.063 Thread 0x000001eba2dc3800 nmethod 1936 0x000001eb8c41cc10 code [0x000001eb8c41cdc0, 0x000001eb8c41d038]
Event: 2.063 Thread 0x000001eba5b7c800 nmethod 1850 0x000001eb9365cc10 code [0x000001eb9365cdc0, 0x000001eb9365d008]
Event: 2.063 Thread 0x000001eba2dc3800 1937       3       java.awt.EventQueue::eventToCacheIndex (80 bytes)
Event: 2.063 Thread 0x000001eba5b7c800 1883       4       java.util.concurrent.locks.ReentrantLock$Sync::nonfairTryAcquire (67 bytes)
Event: 2.063 Thread 0x000001eba2dc3800 nmethod 1937 0x000001eb8c41d110 code [0x000001eb8c41d2e0, 0x000001eb8c41d8b8]
Event: 2.064 Thread 0x000001eba2dc3800 1946       3       java.util.IdentityHashMap::isEmpty (13 bytes)
Event: 2.064 Thread 0x000001eba2dc3800 nmethod 1946 0x000001eb8c41d990 code [0x000001eb8c41db40, 0x000001eb8c41dd18]
Event: 2.064 Thread 0x000001eba2dc3800 1947       3       java.text.SimpleDateFormat::format (171 bytes)
Event: 2.065 Thread 0x000001eba2dc3800 nmethod 1947 0x000001eb8c41dd90 code [0x000001eb8c41dfe0, 0x000001eb8c41ec70]
Event: 2.065 Thread 0x000001eba2dc3800 1948   !   3       sun.awt.PostEventQueue::flush (168 bytes)
Event: 2.066 Thread 0x000001eba5b7c800 nmethod 1883 0x000001eb9365d210 code [0x000001eb9365d3a0, 0x000001eb9365d558]
Event: 2.066 Thread 0x000001eba5b7c800 1857   !   4       javax.swing.TimerQueue::addTimer (82 bytes)
Event: 2.066 Thread 0x000001eba2dc3800 nmethod 1948 0x000001eb8c41f090 code [0x000001eb8c41f340, 0x000001eb8c4203b0]
Event: 2.066 Thread 0x000001eba2dc3800 1950       3       java.security.AccessControlContext::combine (205 bytes)
Event: 2.067 Thread 0x000001eba2dc3800 nmethod 1950 0x000001eb8c420990 code [0x000001eb8c420bc0, 0x000001eb8c421780]
Event: 2.067 Thread 0x000001eba2dc3800 1951       3       sun.awt.SunToolkit::flushPendingEvents (19 bytes)
Event: 2.067 Thread 0x000001eba2dc3800 nmethod 1951 0x000001eb8c421a90 code [0x000001eb8c421c60, 0x000001eb8c421f60]
Event: 2.067 Thread 0x000001eba2dc3800 1953   !   3       sun.util.locale.provider.JRELocaleProviderAdapter::getDateFormatSymbolsProvider (51 bytes)
Event: 2.068 Thread 0x000001eba2dc3800 nmethod 1953 0x000001eb8c422090 code [0x000001eb8c422340, 0x000001eb8c423380]
Event: 2.068 Thread 0x000001eba2dc3800 1955       3       java.text.DateFormatSymbols::initializeData (317 bytes)

GC Heap History (2 events):
Event: 1.924 GC heap before
{Heap before GC invocations=0 (full 0):
 garbage-first heap   total 131072K, used 26624K [0x0000000081c00000, 0x0000000100000000)
  region size 1024K, 24 young (24576K), 0 survivors (0K)
 Metaspace       used 16919K, capacity 17372K, committed 17536K, reserved 1064960K
  class space    used 1909K, capacity 2123K, committed 2176K, reserved 1048576K
}
Event: 1.933 GC heap after
{Heap after GC invocations=1 (full 0):
 garbage-first heap   total 131072K, used 9728K [0x0000000081c00000, 0x0000000100000000)
  region size 1024K, 3 young (3072K), 3 survivors (3072K)
 Metaspace       used 16919K, capacity 17372K, committed 17536K, reserved 1064960K
  class space    used 1909K, capacity 2123K, committed 2176K, reserved 1048576K
}

Deoptimization events (20 events):
Event: 2.020 Thread 0x000001eba3f49800 Uncommon trap: trap_request=0xffffff45 fr.pc=0x000001eb936339b0 relative=0x0000000000000190
Event: 2.020 Thread 0x000001eba3f49800 Uncommon trap: reason=unstable_if action=reinterpret pc=0x000001eb936339b0 method=java.util.concurrent.locks.ReentrantLock$Sync.nonfairTryAcquire(I)Z @ 34 c2
Event: 2.020 Thread 0x000001eba3f49800 DEOPT PACKING pc=0x000001eb936339b0 sp=0x00000097ca9fef10
Event: 2.020 Thread 0x000001eba3f49800 DEOPT UNPACKING pc=0x000001eb8bb2912f sp=0x00000097ca9feeb0 mode 2
Event: 2.027 Thread 0x000001eba3f49800 DEOPT PACKING pc=0x000001eb8c3ba2ae sp=0x00000097ca9ff3b0
Event: 2.027 Thread 0x000001eba3f49800 DEOPT UNPACKING pc=0x000001eb8bb2964e sp=0x00000097ca9fe930 mode 0
Event: 2.038 Thread 0x000001eba3f49800 DEOPT PACKING pc=0x000001eb8c3ba2ae sp=0x00000097ca9ff3b0
Event: 2.038 Thread 0x000001eba3f49800 DEOPT UNPACKING pc=0x000001eb8bb2964e sp=0x00000097ca9fe930 mode 0
Event: 2.046 Thread 0x000001eba3f49800 DEOPT PACKING pc=0x000001eb8c3ba2ae sp=0x00000097ca9ff3b0
Event: 2.046 Thread 0x000001eba3f49800 DEOPT UNPACKING pc=0x000001eb8bb2964e sp=0x00000097ca9fe930 mode 0
Event: 2.047 Thread 0x000001eba3f49800 Uncommon trap: trap_request=0xffffff45 fr.pc=0x000001eb9363e554 relative=0x0000000000000434
Event: 2.047 Thread 0x000001eba3f49800 Uncommon trap: reason=unstable_if action=reinterpret pc=0x000001eb9363e554 method=java.util.concurrent.locks.ReentrantLock$Sync.nonfairTryAcquire(I)Z @ 34 c2
Event: 2.047 Thread 0x000001eba3f49800 DEOPT PACKING pc=0x000001eb9363e554 sp=0x00000097ca9fef40
Event: 2.047 Thread 0x000001eba3f49800 DEOPT UNPACKING pc=0x000001eb8bb2912f sp=0x00000097ca9fee08 mode 2
Event: 2.053 Thread 0x000001eba3f49800 DEOPT PACKING pc=0x000001eb8c3ba2ae sp=0x00000097ca9ff3b0
Event: 2.053 Thread 0x000001eba3f49800 DEOPT UNPACKING pc=0x000001eb8bb2964e sp=0x00000097ca9fe930 mode 0
Event: 2.060 Thread 0x000001eba3f49800 DEOPT PACKING pc=0x000001eb8c3ba2ae sp=0x00000097ca9ff3b0
Event: 2.060 Thread 0x000001eba3f49800 DEOPT UNPACKING pc=0x000001eb8bb2964e sp=0x00000097ca9fe930 mode 0
Event: 2.067 Thread 0x000001eba3f49800 DEOPT PACKING pc=0x000001eb8c3ba2ae sp=0x00000097ca9ff3b0
Event: 2.067 Thread 0x000001eba3f49800 DEOPT UNPACKING pc=0x000001eb8bb2964e sp=0x00000097ca9fe930 mode 0

Classes unloaded (0 events):
No events

Classes redefined (0 events):
No events

Internal exceptions (20 events):
Event: 1.414 Thread 0x000001eb835df800 Exception <a 'java/lang/ClassNotFoundException'{0x0000000089350c38}: ToolBar> (0x0000000089350c38) 
thrown [t:/workspace/open/src/hotspot/share/classfile/systemDictionary.cpp, line 232]
Event: 1.414 Thread 0x000001eb835df800 Exception <a 'java/lang/ClassNotFoundException'{0x0000000089351130}: ToolBar> (0x0000000089351130) 
thrown [t:/workspace/open/src/hotspot/share/classfile/systemDictionary.cpp, line 232]
Event: 1.414 Thread 0x000001eb835df800 Exception <a 'java/lang/ClassNotFoundException'{0x0000000089351490}: Button> (0x0000000089351490) 
thrown [t:/workspace/open/src/hotspot/share/classfile/systemDictionary.cpp, line 232]
Event: 1.414 Thread 0x000001eb835df800 Exception <a 'java/lang/ClassNotFoundException'{0x0000000089351958}: ToolBar> (0x0000000089351958) 
thrown [t:/workspace/open/src/hotspot/share/classfile/systemDictionary.cpp, line 232]
Event: 1.414 Thread 0x000001eb835df800 Exception <a 'java/lang/ClassNotFoundException'{0x0000000089351cc8}: ToggleButton> (0x0000000089351cc8) 
thrown [t:/workspace/open/src/hotspot/share/classfile/systemDictionary.cpp, line 232]
Event: 1.414 Thread 0x000001eb835df800 Exception <a 'java/lang/ClassNotFoundException'{0x0000000089352108}: javax/swing/JToolBarSeparator> (0x0000000089352108) 
thrown [t:/workspace/open/src/hotspot/share/classfile/systemDictionary.cpp, line 232]
Event: 1.414 Thread 0x000001eb835df800 Exception <a 'java/lang/ClassNotFoundException'{0x0000000089352410}: ToolBarSeparator> (0x0000000089352410) 
thrown [t:/workspace/open/src/hotspot/share/classfile/systemDictionary.cpp, line 232]
Event: 1.414 Thread 0x000001eb835df800 Exception <a 'java/lang/ClassNotFoundException'{0x0000000089352928}: ToolTip> (0x0000000089352928) 
thrown [t:/workspace/open/src/hotspot/share/classfile/systemDictionary.cpp, line 232]
Event: 1.415 Thread 0x000001eb835df800 Exception <a 'java/lang/ClassNotFoundException'{0x0000000089353278}: Tree> (0x0000000089353278) 
thrown [t:/workspace/open/src/hotspot/share/classfile/systemDictionary.cpp, line 232]
Event: 1.415 Thread 0x000001eb835df800 Exception <a 'java/lang/ClassNotFoundException'{0x0000000089353770}: Tree> (0x0000000089353770) 
thrown [t:/workspace/open/src/hotspot/share/classfile/systemDictionary.cpp, line 232]
Event: 1.415 Thread 0x000001eb835df800 Exception <a 'java/lang/ClassNotFoundException'{0x0000000089353ae0}: javax/swing/JTreeCell> (0x0000000089353ae0) 
thrown [t:/workspace/open/src/hotspot/share/classfile/systemDictionary.cpp, line 232]
Event: 1.415 Thread 0x000001eb835df800 Exception <a 'java/lang/ClassNotFoundException'{0x0000000089353de0}: TreeCell> (0x0000000089353de0) 
thrown [t:/workspace/open/src/hotspot/share/classfile/systemDictionary.cpp, line 232]
Event: 1.415 Thread 0x000001eb835df800 Exception <a 'java/lang/ClassNotFoundException'{0x00000000893545a0}: RootPane> (0x00000000893545a0) 
thrown [t:/workspace/open/src/hotspot/share/classfile/systemDictionary.cpp, line 232]
Event: 1.417 Thread 0x000001eb835df800 Exception <a 'java/lang/ClassNotFoundException'{0x00000000893573d0}: com/sun/swing/internal/plaf/metal/resources/spi/metalProvider> (0x00000000893573d0) 
thrown [t:/workspace/open/src/hotspot/share/classfile/systemDictionary.cpp, line 232]
Event: 1.417 Thread 0x000001eb835df800 Exception <a 'java/lang/ClassNotFoundException'{0x000000008935b6e0}: com/sun/swing/internal/plaf/basic/resources/spi/basicProvider> (0x000000008935b6e0) 
thrown [t:/workspace/open/src/hotspot/share/classfile/systemDictionary.cpp, line 232]
Event: 1.436 Thread 0x000001eba39ad800 Exception <a 'java/lang/ClassNotFoundException'{0x000000008920eba0}: com/sun/swing/internal/plaf/synth/resources/spi/synthProvider> (0x000000008920eba0) 
thrown [t:/workspace/open/src/hotspot/share/classfile/systemDictionary.cpp, line 232]
Event: 1.475 Thread 0x000001eba39ad800 Exception <a 'java/lang/NoSuchMethodError'{0x000000008929a6f8}: 'void java.lang.invoke.DirectMethodHandle$Holder.invokeStaticInit(java.lang.Object)'> (0x000000008929a6f8) 
thrown [t:/workspace/open/src/hotspot/share/interpreter/linkResolver.cpp, line 767]
Event: 1.515 Thread 0x000001eba39ad800 Exception <a 'java/lang/NoSuchMethodError'{0x0000000089113fa8}: 'java.lang.Object java.lang.invoke.Invokers$Holder.linkToTargetMethod(java.lang.Object, int, java.lang.Object)'> (0x0000000089113fa8) 
thrown [t:/workspace/open/src/hotspot/share/interpreter/linkResolver.cpp, line 767]
Event: 1.675 Thread 0x000001eba39ad800 Exception <a 'java/lang/NoSuchMethodError'{0x0000000088e24f58}: 'int java.lang.invoke.DirectMethodHandle$Holder.invokeSpecialIFC(java.lang.Object, java.lang.Object, int)'> (0x0000000088e24f58) 
thrown [t:/workspace/open/src/hotspot/share/interpreter/linkResolver.cpp, line 767]
Event: 1.699 Thread 0x000001eba39ad800 Exception <a 'java/lang/NoSuchMethodError'{0x0000000088d1ecd0}: 'java.lang.Object java.lang.invoke.DirectMethodHandle$Holder.invokeVirtual(java.lang.Object, java.lang.Object, java.lang.Object)'> (0x0000000088d1ecd0) 
thrown [t:/workspace/open/src/hotspot/share/interpreter/linkResolver.cpp, line 767]

Events (20 events):
Event: 2.002 Executing VM operation: GetAllStackTraces
Event: 2.003 Executing VM operation: GetAllStackTraces done
Event: 2.013 Loaded shared library C:\Program Files\Java\jdk-13\bin\java.dll
Event: 2.014 Loaded shared library C:\Program Files\Java\jdk-13\bin\java.dll
Event: 2.015 Loaded shared library C:\Program Files\Java\jdk-13\bin\java.dll
Event: 2.016 Loaded shared library C:\Program Files\Java\jdk-13\bin\java.dll
Event: 2.018 Executing VM operation: GetAllStackTraces
Event: 2.018 Executing VM operation: GetAllStackTraces done
Event: 2.033 Executing VM operation: GetAllStackTraces
Event: 2.034 Executing VM operation: GetAllStackTraces done
Event: 2.049 Executing VM operation: GetAllStackTraces
Event: 2.050 Executing VM operation: GetAllStackTraces done
Event: 2.050 loading class org/netbeans/lib/profiler/wireprotocol/EventBufferDumpedCommand
Event: 2.050 loading class org/netbeans/lib/profiler/wireprotocol/EventBufferDumpedCommand done
Event: 2.064 Executing VM operation: GetAllStackTraces
Event: 2.065 Executing VM operation: GetAllStackTraces done
Event: 2.067 loading class org/netbeans/lib/profiler/wireprotocol/DumpResultsResponse
Event: 2.067 loading class org/netbeans/lib/profiler/wireprotocol/DumpResultsResponse done
Event: 2.068 loading class org/netbeans/lib/profiler/wireprotocol/GetMethodNamesForJMethodIdsCommand
Event: 2.068 loading class org/netbeans/lib/profiler/wireprotocol/GetMethodNamesForJMethodIdsCommand done


Dynamic libraries:
0x00007ff667cf0000 - 0x00007ff667cfd000 	C:\Program Files\Java\jdk-13\bin\java.exe
0x00007ffdbf9b0000 - 0x00007ffdbfba8000 	C:\WINDOWS\SYSTEM32\ntdll.dll
0x00007ffdbf110000 - 0x00007ffdbf1cf000 	C:\WINDOWS\System32\KERNEL32.DLL
0x00007ffdbd100000 - 0x00007ffdbd3f6000 	C:\WINDOWS\System32\KERNELBASE.dll
0x00007ffdbd400000 - 0x00007ffdbd500000 	C:\WINDOWS\System32\ucrtbase.dll
0x00007ffdb77d0000 - 0x00007ffdb77e5000 	C:\Program Files\Java\jdk-13\bin\VCRUNTIME140.dll
0x00007ffd7f6d0000 - 0x00007ffd7f6e8000 	C:\Program Files\Java\jdk-13\bin\jli.dll
0x00007ffdbea90000 - 0x00007ffdbec2d000 	C:\WINDOWS\System32\USER32.dll
0x00007ffda6860000 - 0x00007ffda6afa000 	C:\WINDOWS\WinSxS\amd64_microsoft.windows.common-controls_6595b64144ccf1df_6.0.19041.1110_none_60b5254171f9507e\COMCTL32.dll
0x00007ffdbd990000 - 0x00007ffdbd9b2000 	C:\WINDOWS\System32\win32u.dll
0x00007ffdbe9f0000 - 0x00007ffdbea8e000 	C:\WINDOWS\System32\msvcrt.dll
0x00007ffdbde80000 - 0x00007ffdbdeac000 	C:\WINDOWS\System32\GDI32.dll
0x00007ffdbd660000 - 0x00007ffdbd775000 	C:\WINDOWS\System32\gdi32full.dll
0x00007ffdbd860000 - 0x00007ffdbd8fd000 	C:\WINDOWS\System32\msvcp_win.dll
0x00007ffdbf1d0000 - 0x00007ffdbf200000 	C:\WINDOWS\System32\IMM32.DLL
0x00007ffd8ff80000 - 0x00007ffd9001b000 	C:\Program Files\Java\jdk-13\bin\msvcp140.dll
0x00007ffd53910000 - 0x00007ffd54476000 	C:\Program Files\Java\jdk-13\bin\server\jvm.dll
0x00007ffdbe620000 - 0x00007ffdbe6cf000 	C:\WINDOWS\System32\ADVAPI32.dll
0x00007ffdbe4a0000 - 0x00007ffdbe53c000 	C:\WINDOWS\System32\sechost.dll
0x00007ffdbeed0000 - 0x00007ffdbeff6000 	C:\WINDOWS\System32\RPCRT4.dll
0x00007ffdbde70000 - 0x00007ffdbde78000 	C:\WINDOWS\System32\PSAPI.DLL
0x00007ffdb6140000 - 0x00007ffdb6167000 	C:\WINDOWS\SYSTEM32\WINMM.dll
0x00007ffdb6b30000 - 0x00007ffdb6b3a000 	C:\WINDOWS\SYSTEM32\VERSION.dll
0x00007ffdb6b40000 - 0x00007ffdb6b49000 	C:\WINDOWS\SYSTEM32\WSOCK32.dll
0x00007ffdbdd70000 - 0x00007ffdbdddb000 	C:\WINDOWS\System32\WS2_32.dll
0x00007ffdbaf80000 - 0x00007ffdbaf92000 	C:\WINDOWS\SYSTEM32\kernel.appcore.dll
0x00007ffdb9d40000 - 0x00007ffdb9d50000 	C:\Program Files\Java\jdk-13\bin\verify.dll
0x00007ffdbaa40000 - 0x00007ffdbac24000 	C:\WINDOWS\SYSTEM32\DBGHELP.DLL
0x00007ffda4ed0000 - 0x00007ffda4f04000 	C:\WINDOWS\SYSTEM32\dbgcore.DLL
0x00007ffdbd900000 - 0x00007ffdbd982000 	C:\WINDOWS\System32\bcryptPrimitives.dll
0x00007ffd9f820000 - 0x00007ffd9f846000 	C:\Program Files\Java\jdk-13\bin\java.dll
0x00007ffdb4e50000 - 0x00007ffdb4e5f000 	C:\Program Files\NetBeans-11.3\netbeans\profiler\lib\deployed\jdk16\windows-amd64\profilerinterface.dll
0x00007ffdb55b0000 - 0x00007ffdb55c7000 	C:\Program Files\Java\jdk-13\bin\zip.dll
0x00007ffdb9c60000 - 0x00007ffdb9c6a000 	C:\Program Files\Java\jdk-13\bin\jimage.dll
0x00007ffdbf200000 - 0x00007ffdbf944000 	C:\WINDOWS\System32\SHELL32.dll
0x00007ffdbb130000 - 0x00007ffdbb8c3000 	C:\WINDOWS\SYSTEM32\windows.storage.dll
0x00007ffdbda10000 - 0x00007ffdbdd64000 	C:\WINDOWS\System32\combase.dll
0x00007ffdbca00000 - 0x00007ffdbca2e000 	C:\WINDOWS\SYSTEM32\Wldp.dll
0x00007ffdbf000000 - 0x00007ffdbf0ad000 	C:\WINDOWS\System32\SHCORE.dll
0x00007ffdbe990000 - 0x00007ffdbe9e5000 	C:\WINDOWS\System32\shlwapi.dll
0x00007ffdbcfc0000 - 0x00007ffdbcfe5000 	C:\WINDOWS\SYSTEM32\profapi.dll
0x00007ffda78a0000 - 0x00007ffda78b9000 	C:\Program Files\Java\jdk-13\bin\net.dll
0x00007ffdb1150000 - 0x00007ffdb125a000 	C:\WINDOWS\SYSTEM32\WINHTTP.dll
0x00007ffdb8ec0000 - 0x00007ffdb90ad000 	C:\WINDOWS\SYSTEM32\urlmon.dll
0x00007ffdb8e90000 - 0x00007ffdb8eb9000 	C:\WINDOWS\SYSTEM32\srvcli.dll
0x00007ffdb7f40000 - 0x00007ffdb81fc000 	C:\WINDOWS\SYSTEM32\iertutil.dll
0x00007ffdbc560000 - 0x00007ffdbc56c000 	C:\WINDOWS\SYSTEM32\netutils.dll
0x00007ffdbc760000 - 0x00007ffdbc7ca000 	C:\WINDOWS\system32\mswsock.dll
0x00007ffda7860000 - 0x00007ffda7873000 	C:\Program Files\Java\jdk-13\bin\nio.dll
0x00007ffdb7770000 - 0x00007ffdb7779000 	C:\Program Files\Java\jdk-13\bin\management.dll
0x00007ffdb6bc0000 - 0x00007ffdb6bcb000 	C:\Program Files\Java\jdk-13\bin\management_ext.dll
0x00007ffdbc960000 - 0x00007ffdbc978000 	C:\WINDOWS\SYSTEM32\CRYPTSP.dll
0x00007ffdbc070000 - 0x00007ffdbc0a4000 	C:\WINDOWS\system32\rsaenh.dll
0x00007ffdbd830000 - 0x00007ffdbd857000 	C:\WINDOWS\System32\bcrypt.dll
0x00007ffdbcf40000 - 0x00007ffdbcf6e000 	C:\WINDOWS\SYSTEM32\USERENV.dll
0x00007ffdbc950000 - 0x00007ffdbc95c000 	C:\WINDOWS\SYSTEM32\CRYPTBASE.dll
0x00007ffdbc450000 - 0x00007ffdbc48b000 	C:\WINDOWS\SYSTEM32\IPHLPAPI.DLL
0x00007ffdbec30000 - 0x00007ffdbec38000 	C:\WINDOWS\System32\NSI.dll
0x00007ffdb15b0000 - 0x00007ffdb15c7000 	C:\WINDOWS\SYSTEM32\dhcpcsvc6.DLL
0x00007ffdb1c10000 - 0x00007ffdb1c2d000 	C:\WINDOWS\SYSTEM32\dhcpcsvc.DLL
0x00007ffdbc490000 - 0x00007ffdbc55a000 	C:\WINDOWS\SYSTEM32\DNSAPI.dll
0x00007ffd8e6b0000 - 0x00007ffd8e848000 	C:\Program Files\Java\jdk-13\bin\awt.dll
0x00007ffdbe780000 - 0x00007ffdbe84d000 	C:\WINDOWS\System32\OLEAUT32.dll
0x00007ffdb88d0000 - 0x00007ffdb8e90000 	C:\WINDOWS\SYSTEM32\d2d1.dll
0x00007ffdba500000 - 0x00007ffdba591000 	C:\WINDOWS\SYSTEM32\apphelp.dll
0x00007ffdba650000 - 0x00007ffdba6ee000 	C:\WINDOWS\system32\uxtheme.dll
0x00007ffdbdeb0000 - 0x00007ffdbdfc4000 	C:\WINDOWS\System32\MSCTF.dll
0x00007ffdbe850000 - 0x00007ffdbe97a000 	C:\WINDOWS\System32\ole32.dll
0x00007ffdba820000 - 0x00007ffdba84f000 	C:\WINDOWS\system32\DWMAPI.DLL
0x00007ffd8f9e0000 - 0x00007ffd8fa62000 	C:\Program Files\Java\jdk-13\bin\freetype.dll
0x00007ffd8e600000 - 0x00007ffd8e6a6000 	C:\Program Files\Java\jdk-13\bin\fontmanager.dll
0x00007ffd9d430000 - 0x00007ffd9d555000 	C:\WINDOWS\system32\opengl32.dll
0x00007ffda51b0000 - 0x00007ffda51dc000 	C:\WINDOWS\SYSTEM32\GLU32.dll
0x00007ffdbe6d0000 - 0x00007ffdbe779000 	C:\WINDOWS\System32\clbcatq.dll
0x00007ffdb4fc0000 - 0x00007ffdb5174000 	C:\WINDOWS\SYSTEM32\WindowsCodecs.dll
0x00007ffd94d20000 - 0x00007ffd94d5e000 	C:\WINDOWS\system32\dataexchange.dll
0x00007ffdb7b80000 - 0x00007ffdb7de3000 	C:\WINDOWS\system32\d3d11.dll
0x00007ffdb8200000 - 0x00007ffdb83e3000 	C:\WINDOWS\system32\dcomp.dll
0x00007ffdbba50000 - 0x00007ffdbbb43000 	C:\WINDOWS\system32\dxgi.dll
0x00007ffdb5b00000 - 0x00007ffdb5d07000 	C:\WINDOWS\system32\twinapi.appcore.dll
0x00007ffdafa30000 - 0x00007ffdafa3a000 	C:\Windows\System32\rasadhlp.dll
0x00007ffdafb30000 - 0x00007ffdafbb2000 	C:\WINDOWS\System32\fwpuclnt.dll
0x00007ffd7f6a0000 - 0x00007ffd7f6c5000 	C:\Program Files\Java\jdk-13\bin\sunec.dll
0x00007ffdae2d0000 - 0x00007ffdae2de000 	C:\Program Files\Java\jdk-13\bin\sunmscapi.dll
0x00007ffdbd500000 - 0x00007ffdbd65e000 	C:\WINDOWS\System32\CRYPT32.dll
0x00007ffdbca70000 - 0x00007ffdbca98000 	C:\WINDOWS\SYSTEM32\ncrypt.dll
0x00007ffdbca30000 - 0x00007ffdbca6b000 	C:\WINDOWS\SYSTEM32\NTASN1.dll
0x00007ffdb1050000 - 0x00007ffdb114a000 	C:\WINDOWS\SYSTEM32\textinputframework.dll
0x00007ffdba2d0000 - 0x00007ffdba3c2000 	C:\WINDOWS\System32\CoreMessaging.dll
0x00007ffdb9f70000 - 0x00007ffdba2ce000 	C:\WINDOWS\System32\CoreUIComponents.dll
0x00007ffdb9640000 - 0x00007ffdb9794000 	C:\WINDOWS\SYSTEM32\wintypes.dll
0x00007ffdbc1b0000 - 0x00007ffdbc1e3000 	C:\WINDOWS\SYSTEM32\ntmarta.dll

dbghelp: loaded successfully - version: 4.0.5 - missing functions: none
symbol engine: initialized successfully - sym options: 0x614 - pdb path: .;C:\Program Files\Java\jdk-13\bin;C:\WINDOWS\SYSTEM32;C:\WINDOWS\WinSxS\amd64_microsoft.windows.common-controls_6595b64144ccf1df_6.0.19041.1110_none_60b5254171f9507e;C:\Program Files\Java\jdk-13\bin\server;C:\Program Files\NetBeans-11.3\netbeans\profiler\lib\deployed\jdk16\windows-amd64

VM Arguments:
jvm_args: -Dfile.encoding=UTF-8 -agentpath:C:/Program Files/NetBeans-11.3/netbeans/profiler/lib/deployed/jdk16/windows-amd64/profilerinterface.dll=C:\Program Files\NetBeans-11.3\netbeans\profiler\lib,5140,10 -XX:+HeapDumpOnOutOfMemoryError -XX:HeapDumpPath=C:\Users\SankA\Downloads\bank\bank\jayantha_storetest_sasitha_update\jayantha_storetest_sasitha_update\nbproject\private\profiler 
java_command: INF.Login
java_class_path (initial): C:\Users\SankA\Desktop\ww\ww\jar_files\rs2xml.jar;C:\Users\SankA\Desktop\ww\ww\jar_files\jcalendar-1.4.jar;C:\Users\SankA\Desktop\ww\ww\jar_files\mysql-connector-java-8.0.22.jar;C:\Program Files\NetBeans-11.3\netbeans\java\modules\ext\AbsoluteLayout.jar;C:\Users\SankA\Downloads\bank\bank\jayantha_storetest_sasitha_update\jayantha_storetest_sasitha_update\build\classes
Launcher Type: SUN_STANDARD

[Global flags]
     intx CICompilerCount                          = 4                                         {product} {ergonomic}
     uint ConcGCThreads                            = 2                                         {product} {ergonomic}
     uint G1ConcRefinementThreads                  = 8                                         {product} {ergonomic}
   size_t G1HeapRegionSize                         = 1048576                                   {product} {ergonomic}
    uintx GCDrainStackTargetSize                   = 64                                        {product} {ergonomic}
     bool HeapDumpOnOutOfMemoryError               = true                                   {manageable} {command line}
    ccstr HeapDumpPath                             = C:\Users\SankA\Downloads\bank\bank\jayantha_storetest_sasitha_update\jayantha_storetest_sasitha_update\nbproject\private\profiler         {manageable} {command line}
   size_t InitialHeapSize                          = 134217728                                 {product} {ergonomic}
   size_t MarkStackSize                            = 4194304                                   {product} {ergonomic}
   size_t MaxHeapSize                              = 2118123520                                {product} {ergonomic}
   size_t MaxNewSize                               = 1270874112                                {product} {ergonomic}
   size_t MinHeapDeltaBytes                        = 1048576                                   {product} {ergonomic}
   size_t MinHeapSize                              = 8388608                                   {product} {ergonomic}
    uintx NonNMethodCodeHeapSize                   = 5836300                                {pd product} {ergonomic}
    uintx NonProfiledCodeHeapSize                  = 122910970                              {pd product} {ergonomic}
    uintx ProfiledCodeHeapSize                     = 122910970                              {pd product} {ergonomic}
    uintx ReservedCodeCacheSize                    = 251658240                              {pd product} {ergonomic}
     bool SegmentedCodeCache                       = true                                      {product} {ergonomic}
   size_t SoftMaxHeapSize                          = 2118123520                             {manageable} {ergonomic}
     bool UseCompressedClassPointers               = true                                 {lp64_product} {ergonomic}
     bool UseCompressedOops                        = true                                 {lp64_product} {ergonomic}
     bool UseG1GC                                  = true                                      {product} {ergonomic}
     bool UseLargePagesIndividualAllocation        = false                                  {pd product} {ergonomic}

Logging:
Log output configuration:
 #0: stdout all=warning uptime,level,tags
 #1: stderr all=off uptime,level,tags

Environment Variables:
JAVA_HOME=C:\Program Files\Java\jdk-12.0.2
CLASSPATH=.;
PATH=C:\Python310\Scripts\;C:\Python310\;C:\Program Files (x86)\Common Files\Oracle\Java\javapath;C:\Program Files (x86)\Common Files\Intel\Shared Libraries\redist\intel64\compiler;C:\Windows\system32;C:\Windows;C:\Windows\System32\Wbem;C:\Windows\System32\WindowsPowerShell\v1.0\;C:\Windows\System32\OpenSSH\;C:\Program Files\NVIDIA Corporation\NVIDIA NvDLISR;C:\ProgramData\chocolatey\bin;C:\Program Files\Java\jdk1.8.0_221\bin;C:\WINDOWS\system32;C:\WINDOWS;C:\WINDOWS\System32\Wbem;C:\WINDOWS\System32\WindowsPowerShell\v1.0\;C:\WINDOWS\System32\OpenSSH\;C:\Program Files (x86)\sqlite3;C:\Program Files\apache-maven-3.6.3-bin\apache-maven-3.6.3\bin;C:\geckodriver;C:\Program Files\Microsoft SQL Server\Client SDK\ODBC\110\Tools\Binn\;C:\Program Files (x86)\Microsoft SQL Server\120\Tools\Binn\;C:\Program Files\Microsoft SQL Server\120\Tools\Binn\;C:\Program Files\Microsoft SQL Server\120\DTS\Binn\;F:\New Folder\runtime\win64;F:\New Folder\bin;C:\wamp64\bin\php\php5.6.40;C:\ProgramData\ComposerSetup\bin;C:\Program Files\Git\cmd;E:\matlab\runtime\win64;E:\matlab\bin;C:\Users\SankA\AppData\Roaming\nvm;C:\Program Files\nodejs;C:\Program Files\nodejs\;C:\Program Files\Java\jdk-12.0.2\bin;D:\Anaconda;D:\Anaconda\Library\mingw-w64\bin;D:\Anaconda\Library\usr\bin;D:\Anaconda\Library\bin;D:\Anaconda\Scripts;C:\Users\SankA\AppData\Local\Programs\Python\Python39\Scripts\;C:\Users\SankA\AppData\Local\Programs\Python\Python39\;C:\Program Files\MySQL\MySQL Shell 8.0\bin\;c:\Users\SankA\AppData\Local\Android\Sdk\platform-tools;C:\Users\SankA\AppData\Local\Microsoft\WindowsApps;C:\Users\SankA\AppData\Local\Programs\Microsoft VS Code\bin;D:\src\flutter_windows_2.0.3-stable\flutter\bin;C:\Users\SankA\AppData\Roaming\Composer\vendor\bin;C:\Program Files\Android\Android Studio\jre\bin;C:\Users\SankA\AppData\Roaming\nvm;C:\Program Files\nodejs;C:\Users\SankA\AppData\Roaming\npm;
USERNAME=SankA
OS=Windows_NT
PROCESSOR_IDENTIFIER=Intel64 Family 6 Model 142 Stepping 10, GenuineIntel



---------------  S Y S T E M  ---------------

OS: Windows 10 , 64 bit Build 19041 (10.0.19041.3155)

CPU:total 8 (initial active 8) (4 cores per cpu, 2 threads per core) family 6 model 142 stepping 10, cmov, cx8, fxsr, mmx, sse, sse2, sse3, ssse3, sse4.1, sse4.2, popcnt, avx, avx2, aes, clmul, erms, 3dnowpref, lzcnt, ht, tsc, tscinvbit, bmi1, bmi2, adx, fma

Memory: 4k page, system-wide physical 8078M (2293M free)
TotalPageFile size 12942M (AvailPageFile size 5552M)
current process WorkingSet (physical memory assigned to process): 136M, peak: 138M
current process commit charge ("private bytes"): 270M, peak: 274M

vm_info: OpenJDK 64-Bit Server VM (13+33) for windows-amd64 JRE (13+33), built on Aug  9 2019 11:21:18 by "mach5one" with unknown MS VC++:1916

END.
