#
# A fatal error has been detected by the Java Runtime Environment:
#
#  EXCEPTION_ACCESS_VIOLATION (0xc0000005) at pc=0x00007ffd53eec64b, pid=8780, tid=16880
#
# JRE version: OpenJDK Runtime Environment (13.0+33) (build 13+33)
# Java VM: OpenJDK 64-Bit Server VM (13+33, mixed mode, sharing, tiered, compressed oops, g1 gc, windows-amd64)
# Problematic frame:
# V  [jvm.dll+0x5dc64b]
#
# No core dump will be written. Minidumps are not enabled by default on client versions of Windows
#
# If you would like to submit a bug report, please visit:
#   http://bugreport.java.com/bugreport/crash.jsp
#

---------------  S U M M A R Y ------------

Command Line: -Dfile.encoding=UTF-8 -agentpath:C:/Program Files/NetBeans-11.3/netbeans/profiler/lib/deployed/jdk16/windows-amd64/profilerinterface.dll=C:\Program Files\NetBeans-11.3\netbeans\profiler\lib,5140,10 -XX:+HeapDumpOnOutOfMemoryError -XX:HeapDumpPath=C:\Users\SankA\Downloads\bank\bank\jayantha_storetest_sasitha_update\jayantha_storetest_sasitha_update\nbproject\private\profiler INF.Login

Host: Intel(R) Core(TM) i5-8250U CPU @ 1.60GHz, 8 cores, 7G,  Windows 10 , 64 bit Build 19041 (10.0.19041.3155)
Time: Sat Sep 23 23:59:21 2023 Sri Lanka Standard Time elapsed time: 930 seconds (0d 0h 15m 30s)

---------------  T H R E A D  ---------------

Current thread (0x000001b84eae5000):  JavaThread "*** Profiler Agent Communication Thread" daemon [_thread_in_vm, id=16880, stack(0x0000008cf6500000,0x0000008cf6600000)]

Stack: [0x0000008cf6500000,0x0000008cf6600000],  sp=0x0000008cf65fec90,  free space=1019k
Native frames: (J=compiled Java code, j=interpreted, Vv=VM code, C=native code)
V  [jvm.dll+0x5dc64b]
V  [jvm.dll+0x4a8cf4]
C  [profilerinterface.dll+0x34da]

Java frames: (J=compiled Java code, j=interpreted, Vv=VM code)
j  org.netbeans.lib.profiler.server.system.Stacks.getMethodNamesForJMethodIds(I[I[I)[B+0
j  org.netbeans.lib.profiler.server.ProfilerInterface.getMethodNamesForJMethodIds([I)Lorg/netbeans/lib/profiler/wireprotocol/MethodNamesResponse;+20
J 6840 c1 org.netbeans.lib.profiler.server.ProfilerServer.handleClientCommand(Lorg/netbeans/lib/profiler/wireprotocol/Command;)V (1301 bytes) @ 0x000001b8386d2a2c [0x000001b8386d0080+0x00000000000029ac]
j  org.netbeans.lib.profiler.server.ProfilerServer.listenToClient()V+48
j  org.netbeans.lib.profiler.server.ProfilerServer.run()V+22
v  ~StubRoutines::call_stub

siginfo: EXCEPTION_ACCESS_VIOLATION (0xc0000005), reading address 0x0000000052579bb8


Register to memory mapping:

RIP=0x00007ffd53eec64b jvm.dll
RAX=0x0000008cf65fec01 is pointing into the stack for thread: 0x000001b84eae5000
RBX=0x000001b84eae5000 is a thread
RCX=0x0000000052579bb8 is an unknown value
RDX=0x000001b84eae5000 is a thread
RSP=0x0000008cf65fec90 is pointing into the stack for thread: 0x000001b84eae5000
RBP=0x0000000052579bb8 is an unknown value
RSI=0x0000008cf65fedb0 is pointing into the stack for thread: 0x000001b84eae5000
RDI=0x000001b82d179840 points into unknown readable memory: a0 cd 31 54 fd 7f 00 00
R8 =0x0000008cf65fedb0 is pointing into the stack for thread: 0x000001b84eae5000
R9 =0x0000000000000083 is an unknown value
R10=0x0 is NULL
R11=0x0000008cf65fec88 is pointing into the stack for thread: 0x000001b84eae5000
R12=0x000001b850cda260 points into unknown readable memory: b8 9b 57 12 e8 9e 57 12
R13=0x0000000000000063 is an unknown value
R14=0x00007ffdb4e59c68 profilerinterface.dll
R15=0x00007ffdb4e59a60 profilerinterface.dll


Registers:
RAX=0x0000008cf65fec01, RBX=0x000001b84eae5000, RCX=0x0000000052579bb8, RDX=0x000001b84eae5000
RSP=0x0000008cf65fec90, RBP=0x0000000052579bb8, RSI=0x0000008cf65fedb0, RDI=0x000001b82d179840
R8 =0x0000008cf65fedb0, R9 =0x0000000000000083, R10=0x0000000000000000, R11=0x0000008cf65fec88
R12=0x000001b850cda260, R13=0x0000000000000063, R14=0x00007ffdb4e59c68, R15=0x00007ffdb4e59a60
RIP=0x00007ffd53eec64b, EFLAGS=0x0000000000010206

Top of Stack: (sp=0x0000008cf65fec90)
0x0000008cf65fec90:   0000000000000063 0000000000000000
0x0000008cf65feca0:   000001b84eae5000 0000008cf65fee60
0x0000008cf65fecb0:   000001b84eae5000 00007ffd53db8cf4
0x0000008cf65fecc0:   0000000000000f78 000001b84eae5000
0x0000008cf65fecd0:   000001b84eae5310 00007ffdbea09d40
0x0000008cf65fece0:   000001b84eae5000 0000000000000000
0x0000008cf65fecf0:   000001b800000000 0000000000000000
0x0000008cf65fed00:   0000000052579bb8 00007ffdb4e534da
0x0000008cf65fed10:   0000000000000000 000001b84eae5310
0x0000008cf65fed20:   0000000086d34240 0000008cf65fee58
0x0000008cf65fed30:   000001b850cda260 00007ffd53c8af07
0x0000008cf65fed40:   0000008cf65fed60 000001b84ea63090
0x0000008cf65fed50:   00000000001532bb 000001b8376f0857
0x0000008cf65fed60:   000001b84e3aacc8 000001b84eae5000
0x0000008cf65fed70:   000001b84eae5000 000001b84e3aacc8
0x0000008cf65fed80:   0000000000000000 0000000000000470 

Instructions: (pc=0x00007ffd53eec64b)
0x00007ffd53eec54b:   c6 05 91 30 48 00 01 eb 61 48 8b 54 24 20 45 33
0x00007ffd53eec55b:   c0 48 8b 05 55 a5 43 00 48 83 c2 18 48 8b ce ff
0x00007ffd53eec56b:   d0 48 85 c0 74 20 48 8b 44 24 20 48 8b d6 48 8b
0x00007ffd53eec57b:   48 08 48 8b 41 08 48 8b 48 18 48 8b 89 98 00 00
0x00007ffd53eec58b:   00 e8 1f f8 ff ff 38 1d b6 57 4a 00 74 13 48 8b
0x00007ffd53eec59b:   4c 24 20 48 8b d7 e8 8a 2b 00 00 48 39 5f 08 75
0x00007ffd53eec5ab:   09 48 8b 44 24 20 48 8b 58 18 48 8d 4c 24 20 e8
0x00007ffd53eec5bb:   61 98 d6 ff 48 8b 74 24 48 48 8b c3 48 8b 5c 24
0x00007ffd53eec5cb:   40 48 83 c4 30 5f c3 cc cc cc cc cc cc cc cc cc
0x00007ffd53eec5db:   cc cc cc cc cc 48 8b 51 08 4c 8b c1 48 8b 42 08
0x00007ffd53eec5eb:   0f b6 52 24 c0 ea 06 48 8b 48 18 8b 81 a4 00 00
0x00007ffd53eec5fb:   00 f6 c2 01 75 27 48 85 c9 74 14 8b c8 c1 e9 09
0x00007ffd53eec60b:   f6 c1 01 74 0a 41 f7 40 20 02 04 00 00 74 0e 41
0x00007ffd53eec61b:   8b 48 20 0b c8 f6 c1 10 74 03 b0 01 c3 41 83 78
0x00007ffd53eec62b:   24 fe 0f 94 c0 c3 cc cc cc cc cc cc cc cc cc cc
0x00007ffd53eec63b:   cc cc cc cc cc 40 53 48 83 ec 20 48 85 c9 74 24
0x00007ffd53eec64b:   48 8b 19 48 85 db 74 1c 48 83 fb 37 74 16 48 8b
0x00007ffd53eec65b:   13 48 8b cb ff 52 10 84 c0 74 09 48 8b c3 48 83
0x00007ffd53eec66b:   c4 20 5b c3 33 c0 48 83 c4 20 5b c3 cc cc cc cc
0x00007ffd53eec67b:   cc cc cc cc cc 40 53 55 41 56 41 57 48 83 ec 28
0x00007ffd53eec68b:   48 8b 41 08 33 ed 4c 8b f1 48 8b 50 08 4c 8b 7a
0x00007ffd53eec69b:   18 49 8b 9f 78 01 00 00 48 85 db 0f 84 d5 00 00
0x00007ffd53eec6ab:   00 8b 15 f2 0a 4f 00 65 48 8b 04 25 58 00 00 00
0x00007ffd53eec6bb:   48 89 74 24 50 4c 89 64 24 60 4c 89 6c 24 20 41
0x00007ffd53eec6cb:   bd ff ff 00 00 4c 8d 24 d0 41 b8 08 00 00 00 48
0x00007ffd53eec6db:   89 7c 24 58 90 49 8b 56 08 48 8b 73 10 0f b7 42
0x00007ffd53eec6eb:   2a 66 39 43 08 75 6c 0f b7 42 2c 66 39 43 0a 75
0x00007ffd53eec6fb:   62 48 63 4b 04 0f b6 03 88 44 11 38 49 8b 04 24
0x00007ffd53eec70b:   41 8b c8 48 8b 3c 01 49 8b ce 48 8b d7 e8 83 4c
0x00007ffd53eec71b:   bd ff 48 83 7f 08 00 75 0a 48 85 c0 74 05 66 44
0x00007ffd53eec72b:   01 68 16 48 85 ed 74 14 48 8b cb 48 89 75 10 e8
0x00007ffd53eec73b:   b1 e1 ad ff 41 b8 08 00 00 00 eb 1a 48 8b cb 49 


Stack slot to memory mapping:
stack at sp + 0 slots: 0x0000000000000063 is an unknown value
stack at sp + 1 slots: 0x0 is NULL
stack at sp + 2 slots: 0x000001b84eae5000 is a thread
stack at sp + 3 slots: 0x0000008cf65fee60 is pointing into the stack for thread: 0x000001b84eae5000
stack at sp + 4 slots: 0x000001b84eae5000 is a thread
stack at sp + 5 slots: 0x00007ffd53db8cf4 jvm.dll
stack at sp + 6 slots: 0x0000000000000f78 is an unknown value
stack at sp + 7 slots: 0x000001b84eae5000 is a thread


---------------  P R O C E S S  ---------------

Threads class SMR info:
_java_thread_list=0x000001b853bcbe00, length=20, elements={
0x000001b84e00a800, 0x000001b84e00d800, 0x000001b84e033800, 0x000001b84e034800,
0x000001b84e036800, 0x000001b84e040000, 0x000001b84e044800, 0x000001b84ea96000,
0x000001b84eae5000, 0x000001b84ebb9800, 0x000001b84ebba800, 0x000001b84f4c6000,
0x000001b84f556000, 0x000001b84f55e800, 0x000001b84f560000, 0x000001b84f6c0800,
0x000001b82f18d800, 0x000001b85195c800, 0x000001b85195a000, 0x000001b851959000
}

Java Threads: ( => current thread )
  0x000001b84e00a800 JavaThread "Reference Handler" daemon [_thread_blocked, id=14440, stack(0x0000008cf5d00000,0x0000008cf5e00000)]
  0x000001b84e00d800 JavaThread "Finalizer" daemon [_thread_blocked, id=11768, stack(0x0000008cf5e00000,0x0000008cf5f00000)]
  0x000001b84e033800 JavaThread "Signal Dispatcher" daemon [_thread_blocked, id=9312, stack(0x0000008cf5f00000,0x0000008cf6000000)]
  0x000001b84e034800 JavaThread "Attach Listener" daemon [_thread_blocked, id=16780, stack(0x0000008cf6000000,0x0000008cf6100000)]
  0x000001b84e036800 JavaThread "C2 CompilerThread0" daemon [_thread_blocked, id=10396, stack(0x0000008cf6100000,0x0000008cf6200000)]
  0x000001b84e040000 JavaThread "C1 CompilerThread0" daemon [_thread_blocked, id=892, stack(0x0000008cf6200000,0x0000008cf6300000)]
  0x000001b84e044800 JavaThread "Sweeper thread" daemon [_thread_blocked, id=13152, stack(0x0000008cf6300000,0x0000008cf6400000)]
  0x000001b84ea96000 JavaThread "Common-Cleaner" daemon [_thread_blocked, id=17064, stack(0x0000008cf6400000,0x0000008cf6500000)]
=>0x000001b84eae5000 JavaThread "*** Profiler Agent Communication Thread" daemon [_thread_in_vm, id=16880, stack(0x0000008cf6500000,0x0000008cf6600000)]
  0x000001b84ebb9800 JavaThread "*** JFluid Monitor thread ***" daemon [_thread_blocked, id=9744, stack(0x0000008cf6600000,0x0000008cf6700000)]
  0x000001b84ebba800 JavaThread "*** Profiler Agent Special Execution Thread 6" daemon [_thread_blocked, id=9636, stack(0x0000008cf6700000,0x0000008cf6800000)]
  0x000001b84f4c6000 JavaThread "Service Thread" daemon [_thread_blocked, id=1720, stack(0x0000008cf6800000,0x0000008cf6900000)]
  0x000001b84f556000 JavaThread "Java2D Disposer" daemon [_thread_blocked, id=2584, stack(0x0000008cf6a00000,0x0000008cf6b00000)]
  0x000001b84f55e800 JavaThread "AWT-Shutdown" [_thread_blocked, id=16564, stack(0x0000008cf6b00000,0x0000008cf6c00000)]
  0x000001b84f560000 JavaThread "AWT-Windows" daemon [_thread_in_native, id=8492, stack(0x0000008cf6c00000,0x0000008cf6d00000)]
  0x000001b84f6c0800 JavaThread "AWT-EventQueue-0" [_thread_blocked, id=11828, stack(0x0000008cf6d00000,0x0000008cf6e00000)]
  0x000001b82f18d800 JavaThread "DestroyJavaVM" [_thread_blocked, id=11640, stack(0x0000008cf5600000,0x0000008cf5700000)]
  0x000001b85195c800 JavaThread "mysql-cj-abandoned-connection-cleanup" daemon [_thread_blocked, id=13556, stack(0x0000008cf7100000,0x0000008cf7200000)]
  0x000001b85195a000 JavaThread "TimerQueue" daemon [_thread_blocked, id=1192, stack(0x0000008cf7800000,0x0000008cf7900000)]
  0x000001b851959000 JavaThread "*** Profiler Agent Special Execution Thread 10" daemon [_thread_blocked, id=6804, stack(0x0000008cf5500000,0x0000008cf5600000)]

Other Threads:
  0x000001b84e01e800 VMThread "VM Thread" [stack: 0x0000008cf5c00000,0x0000008cf5d00000] [id=8988] _threads_hazard_ptr=0x000001b853bcbe00
  0x000001b84f4dd000 WatcherThread [stack: 0x0000008cf6900000,0x0000008cf6a00000] [id=8316]
  0x000001b82f1d2000 GCTaskThread "GC Thread#0" [stack: 0x0000008cf5700000,0x0000008cf5800000] [id=14596]
  0x000001b84f9b8800 GCTaskThread "GC Thread#1" [stack: 0x0000008cf7200000,0x0000008cf7300000] [id=12316]
  0x000001b84fb82000 GCTaskThread "GC Thread#2" [stack: 0x0000008cf7300000,0x0000008cf7400000] [id=9400]
  0x000001b84fa07800 GCTaskThread "GC Thread#3" [stack: 0x0000008cf7400000,0x0000008cf7500000] [id=11472]
  0x000001b84fa08800 GCTaskThread "GC Thread#4" [stack: 0x0000008cf7500000,0x0000008cf7600000] [id=12340]
  0x000001b8519b1000 GCTaskThread "GC Thread#5" [stack: 0x0000008cf7600000,0x0000008cf7700000] [id=16312]
  0x000001b82f1e3800 ConcurrentGCThread "G1 Main Marker" [stack: 0x0000008cf5800000,0x0000008cf5900000] [id=3836]
  0x000001b82f1e7800 ConcurrentGCThread "G1 Conc#0" [stack: 0x0000008cf5900000,0x0000008cf5a00000] [id=3660]
  0x000001b84ec6d000 ConcurrentGCThread "G1 Conc#1" [stack: 0x0000008cf7b00000,0x0000008cf7c00000] [id=9872]
  0x000001b84de8a800 ConcurrentGCThread "G1 Refine#0" [stack: 0x0000008cf5a00000,0x0000008cf5b00000] [id=11252]
  0x000001b84eaff800 ConcurrentGCThread "G1 Refine#1" [stack: 0x0000008cf7700000,0x0000008cf7800000] [id=5856]
  0x000001b84de8c800 ConcurrentGCThread "G1 Young RemSet Sampling" [stack: 0x0000008cf5b00000,0x0000008cf5c00000] [id=12396]

Threads with active compile tasks:

VM state:synchronizing (normal execution)

VM Mutex/Monitor currently owned by a thread:  ([mutex/lock_event])
[0x000001b82f18a210] Threads_lock - owner thread: 0x000001b84e01e800
[0x000001b82f18a0f0] Heap_lock - owner thread: 0x000001b85195a000

Heap address: 0x0000000081c00000, size: 2020 MB, Compressed Oops mode: 32-bit
Narrow klass base: 0x0000000800000000, Narrow klass shift: 3
Compressed class space size: 1073741824 Address: 0x0000000800b40000

Heap:
 garbage-first heap   total 147456K, used 128867K [0x0000000081c00000, 0x0000000100000000)
  region size 1024K, 72 young (73728K), 1 survivors (1024K)
 Metaspace       used 27090K, capacity 27708K, committed 28028K, reserved 1075200K
  class space    used 2842K, capacity 3127K, committed 3196K, reserved 1048576K
Heap Regions: E=young(eden), S=young(survivor), O=old, HS=humongous(starts), HC=humongous(continues), CS=collection set, F=free, A=archive, TAMS=top-at-mark-start (previous, next)
|   0|0x0000000081c00000, 0x0000000081d00000, 0x0000000081d00000|100%|HS|  |TAMS 0x0000000081c00000, 0x0000000081c00000| Complete 
|   1|0x0000000081d00000, 0x0000000081e00000, 0x0000000081e00000|100%|HC|  |TAMS 0x0000000081d00000, 0x0000000081d00000| Complete 
|   2|0x0000000081e00000, 0x0000000081f00000, 0x0000000081f00000|100%| O|  |TAMS 0x0000000081f00000, 0x0000000081e00000| Untracked 
|   3|0x0000000081f00000, 0x0000000082000000, 0x0000000082000000|100%| O|  |TAMS 0x0000000082000000, 0x0000000081f00000| Untracked 
|   4|0x0000000082000000, 0x0000000082100000, 0x0000000082100000|100%| O|  |TAMS 0x0000000082100000, 0x0000000082000000| Untracked 
|   5|0x0000000082100000, 0x0000000082200000, 0x0000000082200000|100%| O|  |TAMS 0x0000000082100000, 0x0000000082100000| Untracked 
|   6|0x0000000082200000, 0x0000000082300000, 0x0000000082300000|100%| O|  |TAMS 0x0000000082200000, 0x0000000082200000| Untracked 
|   7|0x0000000082300000, 0x0000000082400000, 0x0000000082400000|100%| O|  |TAMS 0x0000000082400000, 0x0000000082300000| Untracked 
|   8|0x0000000082400000, 0x0000000082500000, 0x0000000082500000|100%|HS|  |TAMS 0x0000000082500000, 0x0000000082400000| Complete 
|   9|0x0000000082500000, 0x0000000082600000, 0x0000000082600000|100%| O|  |TAMS 0x0000000082600000, 0x0000000082500000| Untracked 
|  10|0x0000000082600000, 0x0000000082700000, 0x0000000082700000|100%| O|  |TAMS 0x0000000082700000, 0x0000000082600000| Untracked 
|  11|0x0000000082700000, 0x0000000082800000, 0x0000000082800000|100%| O|  |TAMS 0x0000000082800000, 0x0000000082700000| Untracked 
|  12|0x0000000082800000, 0x0000000082900000, 0x0000000082900000|100%| O|  |TAMS 0x0000000082900000, 0x0000000082800000| Untracked 
|  13|0x0000000082900000, 0x0000000082a00000, 0x0000000082a00000|100%| O|  |TAMS 0x0000000082a00000, 0x0000000082900000| Untracked 
|  14|0x0000000082a00000, 0x0000000082a91200, 0x0000000082b00000| 56%| O|  |TAMS 0x0000000082a90000, 0x0000000082a00000| Untracked 
|  15|0x0000000082b00000, 0x0000000082c00000, 0x0000000082c00000|100%| O|  |TAMS 0x0000000082b00000, 0x0000000082b00000| Untracked 
|  16|0x0000000082c00000, 0x0000000082d00000, 0x0000000082d00000|100%|HS|  |TAMS 0x0000000082c00000, 0x0000000082c00000| Complete 
|  17|0x0000000082d00000, 0x0000000082e00000, 0x0000000082e00000|100%|HC|  |TAMS 0x0000000082d00000, 0x0000000082d00000| Complete 
|  18|0x0000000082e00000, 0x0000000082f00000, 0x0000000082f00000|100%|HC|  |TAMS 0x0000000082e00000, 0x0000000082e00000| Complete 
|  19|0x0000000082f00000, 0x0000000083000000, 0x0000000083000000|100%|HC|  |TAMS 0x0000000082f00000, 0x0000000082f00000| Complete 
|  20|0x0000000083000000, 0x0000000083100000, 0x0000000083100000|100%|HC|  |TAMS 0x0000000083000000, 0x0000000083000000| Complete 
|  21|0x0000000083100000, 0x0000000083200000, 0x0000000083200000|100%|HC|  |TAMS 0x0000000083100000, 0x0000000083100000| Complete 
|  22|0x0000000083200000, 0x0000000083300000, 0x0000000083300000|100%| O|  |TAMS 0x0000000083200000, 0x0000000083200000| Untracked 
|  23|0x0000000083300000, 0x0000000083400000, 0x0000000083400000|100%| O|  |TAMS 0x0000000083300000, 0x0000000083300000| Untracked 
|  24|0x0000000083400000, 0x0000000083500000, 0x0000000083500000|100%| O|  |TAMS 0x0000000083400000, 0x0000000083400000| Untracked 
|  25|0x0000000083500000, 0x0000000083600000, 0x0000000083600000|100%|HS|  |TAMS 0x0000000083500000, 0x0000000083500000| Complete 
|  26|0x0000000083600000, 0x0000000083700000, 0x0000000083700000|100%|HC|  |TAMS 0x0000000083600000, 0x0000000083600000| Complete 
|  27|0x0000000083700000, 0x0000000083800000, 0x0000000083800000|100%|HC|  |TAMS 0x0000000083700000, 0x0000000083700000| Complete 
|  28|0x0000000083800000, 0x0000000083900000, 0x0000000083900000|100%|HC|  |TAMS 0x0000000083800000, 0x0000000083800000| Complete 
|  29|0x0000000083900000, 0x0000000083a00000, 0x0000000083a00000|100%|HC|  |TAMS 0x0000000083900000, 0x0000000083900000| Complete 
|  30|0x0000000083a00000, 0x0000000083b00000, 0x0000000083b00000|100%| O|  |TAMS 0x0000000083a00000, 0x0000000083a00000| Untracked 
|  31|0x0000000083b00000, 0x0000000083c00000, 0x0000000083c00000|100%| O|  |TAMS 0x0000000083b00000, 0x0000000083b00000| Untracked 
|  32|0x0000000083c00000, 0x0000000083d00000, 0x0000000083d00000|100%| O|  |TAMS 0x0000000083c00000, 0x0000000083c00000| Untracked 
|  33|0x0000000083d00000, 0x0000000083e00000, 0x0000000083e00000|100%|HS|  |TAMS 0x0000000083d00000, 0x0000000083d00000| Complete 
|  34|0x0000000083e00000, 0x0000000083f00000, 0x0000000083f00000|100%|HC|  |TAMS 0x0000000083e00000, 0x0000000083e00000| Complete 
|  35|0x0000000083f00000, 0x0000000084000000, 0x0000000084000000|100%|HC|  |TAMS 0x0000000083f00000, 0x0000000083f00000| Complete 
|  36|0x0000000084000000, 0x0000000084100000, 0x0000000084100000|100%|HC|  |TAMS 0x0000000084000000, 0x0000000084000000| Complete 
|  37|0x0000000084100000, 0x0000000084200000, 0x0000000084200000|100%|HC|  |TAMS 0x0000000084100000, 0x0000000084100000| Complete 
|  38|0x0000000084200000, 0x0000000084300000, 0x0000000084300000|100%|HC|  |TAMS 0x0000000084200000, 0x0000000084200000| Complete 
|  39|0x0000000084300000, 0x0000000084400000, 0x0000000084400000|100%| O|  |TAMS 0x0000000084300000, 0x0000000084300000| Untracked 
|  40|0x0000000084400000, 0x0000000084500000, 0x0000000084500000|100%| O|  |TAMS 0x0000000084400000, 0x0000000084400000| Untracked 
|  41|0x0000000084500000, 0x0000000084600000, 0x0000000084600000|100%| O|  |TAMS 0x0000000084500000, 0x0000000084500000| Untracked 
|  42|0x0000000084600000, 0x0000000084700000, 0x0000000084700000|100%| O|  |TAMS 0x0000000084600000, 0x0000000084600000| Untracked 
|  43|0x0000000084700000, 0x0000000084800000, 0x0000000084800000|100%| O|  |TAMS 0x0000000084700000, 0x0000000084700000| Untracked 
|  44|0x0000000084800000, 0x0000000084900000, 0x0000000084900000|100%| O|  |TAMS 0x0000000084800000, 0x0000000084800000| Untracked 
|  45|0x0000000084900000, 0x0000000084a00000, 0x0000000084a00000|100%| O|  |TAMS 0x0000000084900000, 0x0000000084900000| Untracked 
|  46|0x0000000084a00000, 0x0000000084b00000, 0x0000000084b00000|100%| O|  |TAMS 0x0000000084a00000, 0x0000000084a00000| Untracked 
|  47|0x0000000084b00000, 0x0000000084c00000, 0x0000000084c00000|100%| O|  |TAMS 0x0000000084b00000, 0x0000000084b00000| Untracked 
|  48|0x0000000084c00000, 0x0000000084d00000, 0x0000000084d00000|100%| O|  |TAMS 0x0000000084c00000, 0x0000000084c00000| Untracked 
|  49|0x0000000084d00000, 0x0000000084e00000, 0x0000000084e00000|100%| O|  |TAMS 0x0000000084d00000, 0x0000000084d00000| Untracked 
|  50|0x0000000084e00000, 0x0000000084f00000, 0x0000000084f00000|100%| O|  |TAMS 0x0000000084e00000, 0x0000000084e00000| Untracked 
|  51|0x0000000084f00000, 0x0000000085000000, 0x0000000085000000|100%| O|  |TAMS 0x0000000084f00000, 0x0000000084f00000| Untracked 
|  52|0x0000000085000000, 0x0000000085100000, 0x0000000085100000|100%| O|  |TAMS 0x0000000085000000, 0x0000000085000000| Untracked 
|  53|0x0000000085100000, 0x0000000085200000, 0x0000000085200000|100%| O|  |TAMS 0x0000000085100000, 0x0000000085100000| Untracked 
|  54|0x0000000085200000, 0x0000000085300000, 0x0000000085300000|100%| O|  |TAMS 0x0000000085200000, 0x0000000085200000| Untracked 
|  55|0x0000000085300000, 0x0000000085344a00, 0x0000000085400000| 26%| O|  |TAMS 0x0000000085300000, 0x0000000085300000| Untracked 
|  56|0x0000000085400000, 0x0000000085400000, 0x0000000085500000|  0%| F|  |TAMS 0x0000000085400000, 0x0000000085400000| Untracked 
|  57|0x0000000085500000, 0x0000000085500000, 0x0000000085600000|  0%| F|  |TAMS 0x0000000085500000, 0x0000000085500000| Untracked 
|  58|0x0000000085600000, 0x0000000085600000, 0x0000000085700000|  0%| F|  |TAMS 0x0000000085600000, 0x0000000085600000| Untracked 
|  59|0x0000000085700000, 0x0000000085700000, 0x0000000085800000|  0%| F|  |TAMS 0x0000000085700000, 0x0000000085700000| Untracked 
|  60|0x0000000085800000, 0x0000000085800000, 0x0000000085900000|  0%| F|  |TAMS 0x0000000085800000, 0x0000000085800000| Untracked 
|  61|0x0000000085900000, 0x0000000085900000, 0x0000000085a00000|  0%| F|  |TAMS 0x0000000085900000, 0x0000000085900000| Untracked 
|  62|0x0000000085a00000, 0x0000000085a00000, 0x0000000085b00000|  0%| F|  |TAMS 0x0000000085a00000, 0x0000000085a00000| Untracked 
|  63|0x0000000085b00000, 0x0000000085b00000, 0x0000000085c00000|  0%| F|  |TAMS 0x0000000085b00000, 0x0000000085b00000| Untracked 
|  64|0x0000000085c00000, 0x0000000085c00000, 0x0000000085d00000|  0%| F|  |TAMS 0x0000000085c00000, 0x0000000085c00000| Untracked 
|  65|0x0000000085d00000, 0x0000000085d00000, 0x0000000085e00000|  0%| F|  |TAMS 0x0000000085d00000, 0x0000000085d00000| Untracked 
|  66|0x0000000085e00000, 0x0000000085e00000, 0x0000000085f00000|  0%| F|  |TAMS 0x0000000085e00000, 0x0000000085e00000| Untracked 
|  67|0x0000000085f00000, 0x0000000085f00000, 0x0000000086000000|  0%| F|  |TAMS 0x0000000085f00000, 0x0000000085f00000| Untracked 
|  68|0x0000000086000000, 0x0000000086000000, 0x0000000086100000|  0%| F|  |TAMS 0x0000000086000000, 0x0000000086000000| Untracked 
|  69|0x0000000086100000, 0x0000000086100000, 0x0000000086200000|  0%| F|  |TAMS 0x0000000086100000, 0x0000000086100000| Untracked 
|  70|0x0000000086200000, 0x0000000086200000, 0x0000000086300000|  0%| F|  |TAMS 0x0000000086200000, 0x0000000086200000| Untracked 
|  71|0x0000000086300000, 0x0000000086300000, 0x0000000086400000|  0%| F|  |TAMS 0x0000000086300000, 0x0000000086300000| Untracked 
|  72|0x0000000086400000, 0x00000000864031f0, 0x0000000086500000|  1%| S|CS|TAMS 0x0000000086400000, 0x0000000086400000| Complete 
|  73|0x0000000086500000, 0x0000000086600000, 0x0000000086600000|100%| E|CS|TAMS 0x0000000086500000, 0x0000000086500000| Complete 
|  74|0x0000000086600000, 0x0000000086700000, 0x0000000086700000|100%| E|CS|TAMS 0x0000000086600000, 0x0000000086600000| Complete 
|  75|0x0000000086700000, 0x0000000086800000, 0x0000000086800000|100%| E|CS|TAMS 0x0000000086700000, 0x0000000086700000| Complete 
|  76|0x0000000086800000, 0x0000000086900000, 0x0000000086900000|100%| E|CS|TAMS 0x0000000086800000, 0x0000000086800000| Complete 
|  77|0x0000000086900000, 0x0000000086a00000, 0x0000000086a00000|100%| E|CS|TAMS 0x0000000086900000, 0x0000000086900000| Complete 
|  78|0x0000000086a00000, 0x0000000086b00000, 0x0000000086b00000|100%| E|CS|TAMS 0x0000000086a00000, 0x0000000086a00000| Complete 
|  79|0x0000000086b00000, 0x0000000086c00000, 0x0000000086c00000|100%| E|CS|TAMS 0x0000000086b00000, 0x0000000086b00000| Complete 
|  80|0x0000000086c00000, 0x0000000086d00000, 0x0000000086d00000|100%| E|CS|TAMS 0x0000000086c00000, 0x0000000086c00000| Complete 
|  81|0x0000000086d00000, 0x0000000086e00000, 0x0000000086e00000|100%| E|CS|TAMS 0x0000000086d00000, 0x0000000086d00000| Complete 
|  82|0x0000000086e00000, 0x0000000086f00000, 0x0000000086f00000|100%| E|CS|TAMS 0x0000000086e00000, 0x0000000086e00000| Complete 
|  83|0x0000000086f00000, 0x0000000087000000, 0x0000000087000000|100%| E|CS|TAMS 0x0000000086f00000, 0x0000000086f00000| Complete 
|  84|0x0000000087000000, 0x0000000087100000, 0x0000000087100000|100%| E|CS|TAMS 0x0000000087000000, 0x0000000087000000| Complete 
|  85|0x0000000087100000, 0x0000000087200000, 0x0000000087200000|100%| E|CS|TAMS 0x0000000087100000, 0x0000000087100000| Complete 
|  86|0x0000000087200000, 0x0000000087300000, 0x0000000087300000|100%| E|CS|TAMS 0x0000000087200000, 0x0000000087200000| Complete 
|  87|0x0000000087300000, 0x0000000087400000, 0x0000000087400000|100%| E|CS|TAMS 0x0000000087300000, 0x0000000087300000| Complete 
|  88|0x0000000087400000, 0x0000000087500000, 0x0000000087500000|100%| E|CS|TAMS 0x0000000087400000, 0x0000000087400000| Complete 
|  89|0x0000000087500000, 0x0000000087600000, 0x0000000087600000|100%| E|CS|TAMS 0x0000000087500000, 0x0000000087500000| Complete 
|  90|0x0000000087600000, 0x0000000087700000, 0x0000000087700000|100%| E|CS|TAMS 0x0000000087600000, 0x0000000087600000| Complete 
|  91|0x0000000087700000, 0x0000000087800000, 0x0000000087800000|100%| E|CS|TAMS 0x0000000087700000, 0x0000000087700000| Complete 
|  92|0x0000000087800000, 0x0000000087900000, 0x0000000087900000|100%| E|CS|TAMS 0x0000000087800000, 0x0000000087800000| Complete 
|  93|0x0000000087900000, 0x0000000087a00000, 0x0000000087a00000|100%| E|CS|TAMS 0x0000000087900000, 0x0000000087900000| Complete 
|  94|0x0000000087a00000, 0x0000000087b00000, 0x0000000087b00000|100%| E|CS|TAMS 0x0000000087a00000, 0x0000000087a00000| Complete 
|  95|0x0000000087b00000, 0x0000000087c00000, 0x0000000087c00000|100%| E|CS|TAMS 0x0000000087b00000, 0x0000000087b00000| Complete 
|  96|0x0000000087c00000, 0x0000000087d00000, 0x0000000087d00000|100%| E|CS|TAMS 0x0000000087c00000, 0x0000000087c00000| Complete 
|  97|0x0000000087d00000, 0x0000000087e00000, 0x0000000087e00000|100%| E|CS|TAMS 0x0000000087d00000, 0x0000000087d00000| Complete 
|  98|0x0000000087e00000, 0x0000000087f00000, 0x0000000087f00000|100%| E|CS|TAMS 0x0000000087e00000, 0x0000000087e00000| Complete 
|  99|0x0000000087f00000, 0x0000000088000000, 0x0000000088000000|100%| E|CS|TAMS 0x0000000087f00000, 0x0000000087f00000| Complete 
| 100|0x0000000088000000, 0x0000000088100000, 0x0000000088100000|100%| E|CS|TAMS 0x0000000088000000, 0x0000000088000000| Complete 
| 101|0x0000000088100000, 0x0000000088200000, 0x0000000088200000|100%| E|CS|TAMS 0x0000000088100000, 0x0000000088100000| Complete 
| 102|0x0000000088200000, 0x0000000088300000, 0x0000000088300000|100%| E|CS|TAMS 0x0000000088200000, 0x0000000088200000| Complete 
| 103|0x0000000088300000, 0x0000000088400000, 0x0000000088400000|100%| E|CS|TAMS 0x0000000088300000, 0x0000000088300000| Complete 
| 104|0x0000000088400000, 0x0000000088500000, 0x0000000088500000|100%| E|CS|TAMS 0x0000000088400000, 0x0000000088400000| Complete 
| 105|0x0000000088500000, 0x0000000088600000, 0x0000000088600000|100%| E|CS|TAMS 0x0000000088500000, 0x0000000088500000| Complete 
| 106|0x0000000088600000, 0x0000000088700000, 0x0000000088700000|100%| E|CS|TAMS 0x0000000088600000, 0x0000000088600000| Complete 
| 107|0x0000000088700000, 0x0000000088800000, 0x0000000088800000|100%| E|CS|TAMS 0x0000000088700000, 0x0000000088700000| Complete 
| 108|0x0000000088800000, 0x0000000088900000, 0x0000000088900000|100%| E|CS|TAMS 0x0000000088800000, 0x0000000088800000| Complete 
| 109|0x0000000088900000, 0x0000000088a00000, 0x0000000088a00000|100%| E|CS|TAMS 0x0000000088900000, 0x0000000088900000| Complete 
| 110|0x0000000088a00000, 0x0000000088b00000, 0x0000000088b00000|100%| E|CS|TAMS 0x0000000088a00000, 0x0000000088a00000| Complete 
| 111|0x0000000088b00000, 0x0000000088c00000, 0x0000000088c00000|100%| E|CS|TAMS 0x0000000088b00000, 0x0000000088b00000| Complete 
| 112|0x0000000088c00000, 0x0000000088d00000, 0x0000000088d00000|100%| E|CS|TAMS 0x0000000088c00000, 0x0000000088c00000| Complete 
| 113|0x0000000088d00000, 0x0000000088e00000, 0x0000000088e00000|100%| E|CS|TAMS 0x0000000088d00000, 0x0000000088d00000| Complete 
| 114|0x0000000088e00000, 0x0000000088f00000, 0x0000000088f00000|100%| E|CS|TAMS 0x0000000088e00000, 0x0000000088e00000| Complete 
| 115|0x0000000088f00000, 0x0000000089000000, 0x0000000089000000|100%| E|CS|TAMS 0x0000000088f00000, 0x0000000088f00000| Complete 
| 116|0x0000000089000000, 0x0000000089100000, 0x0000000089100000|100%| E|CS|TAMS 0x0000000089000000, 0x0000000089000000| Complete 
| 117|0x0000000089100000, 0x0000000089200000, 0x0000000089200000|100%| E|CS|TAMS 0x0000000089100000, 0x0000000089100000| Complete 
| 118|0x0000000089200000, 0x0000000089300000, 0x0000000089300000|100%| E|CS|TAMS 0x0000000089200000, 0x0000000089200000| Complete 
| 119|0x0000000089300000, 0x0000000089400000, 0x0000000089400000|100%| E|CS|TAMS 0x0000000089300000, 0x0000000089300000| Complete 
| 120|0x0000000089400000, 0x0000000089500000, 0x0000000089500000|100%| E|CS|TAMS 0x0000000089400000, 0x0000000089400000| Complete 
| 121|0x0000000089500000, 0x0000000089600000, 0x0000000089600000|100%| E|CS|TAMS 0x0000000089500000, 0x0000000089500000| Complete 
| 122|0x0000000089600000, 0x0000000089700000, 0x0000000089700000|100%| E|CS|TAMS 0x0000000089600000, 0x0000000089600000| Complete 
| 123|0x0000000089700000, 0x0000000089800000, 0x0000000089800000|100%| E|CS|TAMS 0x0000000089700000, 0x0000000089700000| Complete 
| 124|0x0000000089800000, 0x0000000089900000, 0x0000000089900000|100%| E|CS|TAMS 0x0000000089800000, 0x0000000089800000| Complete 
| 125|0x0000000089900000, 0x0000000089a00000, 0x0000000089a00000|100%| E|CS|TAMS 0x0000000089900000, 0x0000000089900000| Complete 
| 126|0x0000000089a00000, 0x0000000089b00000, 0x0000000089b00000|100%| E|CS|TAMS 0x0000000089a00000, 0x0000000089a00000| Complete 
| 127|0x0000000089b00000, 0x0000000089c00000, 0x0000000089c00000|100%| E|CS|TAMS 0x0000000089b00000, 0x0000000089b00000| Complete 
| 128|0x0000000089c00000, 0x0000000089d00000, 0x0000000089d00000|100%| E|CS|TAMS 0x0000000089c00000, 0x0000000089c00000| Complete 
| 129|0x0000000089d00000, 0x0000000089e00000, 0x0000000089e00000|100%| E|CS|TAMS 0x0000000089d00000, 0x0000000089d00000| Complete 
| 130|0x0000000089e00000, 0x0000000089f00000, 0x0000000089f00000|100%| E|CS|TAMS 0x0000000089e00000, 0x0000000089e00000| Complete 
| 131|0x0000000089f00000, 0x000000008a000000, 0x000000008a000000|100%| E|CS|TAMS 0x0000000089f00000, 0x0000000089f00000| Complete 
| 132|0x000000008a000000, 0x000000008a100000, 0x000000008a100000|100%| E|CS|TAMS 0x000000008a000000, 0x000000008a000000| Complete 
| 133|0x000000008a100000, 0x000000008a200000, 0x000000008a200000|100%| E|CS|TAMS 0x000000008a100000, 0x000000008a100000| Complete 
| 134|0x000000008a200000, 0x000000008a300000, 0x000000008a300000|100%| E|CS|TAMS 0x000000008a200000, 0x000000008a200000| Complete 
| 135|0x000000008a300000, 0x000000008a400000, 0x000000008a400000|100%| E|CS|TAMS 0x000000008a300000, 0x000000008a300000| Complete 
| 136|0x000000008a400000, 0x000000008a500000, 0x000000008a500000|100%| E|CS|TAMS 0x000000008a400000, 0x000000008a400000| Complete 
| 137|0x000000008a500000, 0x000000008a600000, 0x000000008a600000|100%| E|CS|TAMS 0x000000008a500000, 0x000000008a500000| Complete 
| 138|0x000000008a600000, 0x000000008a700000, 0x000000008a700000|100%| E|CS|TAMS 0x000000008a600000, 0x000000008a600000| Complete 
| 139|0x000000008a700000, 0x000000008a800000, 0x000000008a800000|100%| E|CS|TAMS 0x000000008a700000, 0x000000008a700000| Complete 
| 140|0x000000008a800000, 0x000000008a900000, 0x000000008a900000|100%| E|CS|TAMS 0x000000008a800000, 0x000000008a800000| Complete 
| 141|0x000000008a900000, 0x000000008aa00000, 0x000000008aa00000|100%| E|CS|TAMS 0x000000008a900000, 0x000000008a900000| Complete 
| 142|0x000000008aa00000, 0x000000008ab00000, 0x000000008ab00000|100%| E|CS|TAMS 0x000000008aa00000, 0x000000008aa00000| Complete 
| 143|0x000000008ab00000, 0x000000008ac00000, 0x000000008ac00000|100%| E|CS|TAMS 0x000000008ab00000, 0x000000008ab00000| Complete 

Card table byte_map: [0x000001b846ed0000,0x000001b8472d0000] _byte_map_base: 0x000001b846ac2000

Marking Bits (Prev, Next): (CMBitMap*) 0x000001b82f1d3048, (CMBitMap*) 0x000001b82f1d3008
 Prev Bits: [0x000001b849660000, 0x000001b84b5f0000)
 Next Bits: [0x000001b8476d0000, 0x000001b849660000)

Polling page: 0x000001b82d330000

Metaspace:

Usage:
  Non-class:     24.00 MB capacity,    23.68 MB ( 99%) used,   266.19 KB (  1%) free+waste,    65.94 KB ( <1%) overhead. 
      Class:      3.05 MB capacity,     2.78 MB ( 91%) used,   251.67 KB (  8%) free+waste,    33.31 KB (  1%) overhead. 
       Both:     27.06 MB capacity,    26.46 MB ( 98%) used,   517.86 KB (  2%) free+waste,    99.25 KB ( <1%) overhead. 

Virtual space:
  Non-class space:       26.00 MB reserved,      24.25 MB ( 93%) committed 
      Class space:        1.00 GB reserved,       3.12 MB ( <1%) committed 
             Both:        1.03 GB reserved,      27.37 MB (  3%) committed 

Chunk freelists:
   Non-Class:  59.00 KB
       Class:  9.00 KB
        Both:  68.00 KB

MaxMetaspaceSize: 17179869184.00 GB
CompressedClassSpaceSize: 1.00 GB

CodeHeap 'non-profiled nmethods': size=120000Kb used=5200Kb max_used=5270Kb free=114799Kb
 bounds [0x000001b83f160000, 0x000001b83f690000, 0x000001b846690000]
CodeHeap 'profiled nmethods': size=120000Kb used=11502Kb max_used=11625Kb free=108497Kb
 bounds [0x000001b837c30000, 0x000001b8387a0000, 0x000001b83f160000]
CodeHeap 'non-nmethods': size=5760Kb used=1464Kb max_used=1513Kb free=4295Kb
 bounds [0x000001b837690000, 0x000001b837900000, 0x000001b837c30000]
 total_blobs=11763 nmethods=5785 adapters=692
 compilation: enabled
              stopped_count=0, restarted_count=0
 full_count=0

Compilation events (20 events):
Event: 903.955 Thread 0x000001b84e036800 7609   !   4       java.util.jar.JarFile::checkForSpecialAttributes (163 bytes)
Event: 903.957 Thread 0x000001b84e036800 nmethod 7609 0x000001b83f5a2f10 code [0x000001b83f5a30e0, 0x000001b83f5a3650]
Event: 927.423 Thread 0x000001b84e036800 7610   !   4       java.nio.charset.CharsetDecoder::decode (287 bytes)
Event: 927.427 Thread 0x000001b84e036800 nmethod 7610 0x000001b83f2e5690 code [0x000001b83f2e5840, 0x000001b83f2e5b28]
Event: 929.963 Thread 0x000001b84e040000 7611       3       java.lang.Long::hashCode (8 bytes)
Event: 929.963 Thread 0x000001b84e040000 nmethod 7611 0x000001b83877a110 code [0x000001b83877a2c0, 0x000001b83877a4b8]
Event: 929.963 Thread 0x000001b84e040000 7612       3       java.lang.Long::hashCode (8 bytes)
Event: 929.964 Thread 0x000001b84e040000 nmethod 7612 0x000001b838186090 code [0x000001b838186220, 0x000001b838186378]
Event: 930.000 Thread 0x000001b84e040000 7613       3       jdk.internal.misc.Unsafe::getLongUnaligned (173 bytes)
Event: 930.000 Thread 0x000001b84e040000 nmethod 7613 0x000001b838216190 code [0x000001b838216380, 0x000001b8382169c0]
Event: 930.032 Thread 0x000001b84e040000 7614       1       java.lang.Thread::getId (5 bytes)
Event: 930.033 Thread 0x000001b84e040000 nmethod 7614 0x000001b83f30a190 code [0x000001b83f30a320, 0x000001b83f30a458]
Event: 930.364 Thread 0x000001b84e040000 7615       3       java.util.Arrays::equals (43 bytes)
Event: 930.364 Thread 0x000001b84e040000 nmethod 7615 0x000001b837f23410 code [0x000001b837f235e0, 0x000001b837f238f0]
Event: 930.447 Thread 0x000001b84e040000 7616       3       jdk.internal.util.ArraysSupport::vectorizedMismatch (268 bytes)
Event: 930.448 Thread 0x000001b84e040000 nmethod 7616 0x000001b83804bc10 code [0x000001b83804be00, 0x000001b83804c370]
Event: 930.448 Thread 0x000001b84e040000 7617       3       org.netbeans.lib.profiler.server.ProfilerRuntimeSampler$Sampling::writeThreadInfoNoChange (86 bytes)
Event: 930.448 Thread 0x000001b84e040000 nmethod 7617 0x000001b838161610 code [0x000001b8381617e0, 0x000001b838161b70]
Event: 930.648 Thread 0x000001b84e040000 7618       3       jdk.internal.util.ArraysSupport::mismatch (72 bytes)
Event: 930.648 Thread 0x000001b84e040000 nmethod 7618 0x000001b838029d10 code [0x000001b838029ee0, 0x000001b83802a2f8]

GC Heap History (20 events):
Event: 929.669 GC heap before
{Heap before GC invocations=7536 (full 0):
 garbage-first heap   total 147456K, used 128860K [0x0000000081c00000, 0x0000000100000000)
  region size 1024K, 74 young (75776K), 1 survivors (1024K)
 Metaspace       used 27065K, capacity 27676K, committed 28028K, reserved 1075200K
  class space    used 2839K, capacity 3095K, committed 3196K, reserved 1048576K
}
Event: 929.670 GC heap after
{Heap after GC invocations=7537 (full 0):
 garbage-first heap   total 147456K, used 54111K [0x0000000081c00000, 0x0000000100000000)
  region size 1024K, 1 young (1024K), 1 survivors (1024K)
 Metaspace       used 27065K, capacity 27676K, committed 28028K, reserved 1075200K
  class space    used 2839K, capacity 3095K, committed 3196K, reserved 1048576K
}
Event: 929.782 GC heap before
{Heap before GC invocations=7537 (full 0):
 garbage-first heap   total 147456K, used 128863K [0x0000000081c00000, 0x0000000100000000)
  region size 1024K, 74 young (75776K), 1 survivors (1024K)
 Metaspace       used 27065K, capacity 27676K, committed 28028K, reserved 1075200K
  class space    used 2839K, capacity 3095K, committed 3196K, reserved 1048576K
}
Event: 929.782 GC heap after
{Heap after GC invocations=7538 (full 0):
 garbage-first heap   total 147456K, used 54111K [0x0000000081c00000, 0x0000000100000000)
  region size 1024K, 1 young (1024K), 1 survivors (1024K)
 Metaspace       used 27065K, capacity 27676K, committed 28028K, reserved 1075200K
  class space    used 2839K, capacity 3095K, committed 3196K, reserved 1048576K
}
Event: 929.910 GC heap before
{Heap before GC invocations=7538 (full 0):
 garbage-first heap   total 147456K, used 130911K [0x0000000081c00000, 0x0000000100000000)
  region size 1024K, 74 young (75776K), 1 survivors (1024K)
 Metaspace       used 27078K, capacity 27708K, committed 28028K, reserved 1075200K
  class space    used 2841K, capacity 3127K, committed 3196K, reserved 1048576K
}
Event: 929.910 GC heap after
{Heap after GC invocations=7539 (full 0):
 garbage-first heap   total 147456K, used 56163K [0x0000000081c00000, 0x0000000100000000)
  region size 1024K, 1 young (1024K), 1 survivors (1024K)
 Metaspace       used 27078K, capacity 27708K, committed 28028K, reserved 1075200K
  class space    used 2841K, capacity 3127K, committed 3196K, reserved 1048576K
}
Event: 930.055 GC heap before
{Heap before GC invocations=7539 (full 0):
 garbage-first heap   total 147456K, used 128867K [0x0000000081c00000, 0x0000000100000000)
  region size 1024K, 72 young (73728K), 1 survivors (1024K)
 Metaspace       used 27083K, capacity 27708K, committed 28028K, reserved 1075200K
  class space    used 2841K, capacity 3127K, committed 3196K, reserved 1048576K
}
Event: 930.056 GC heap after
{Heap after GC invocations=7540 (full 0):
 garbage-first heap   total 147456K, used 56163K [0x0000000081c00000, 0x0000000100000000)
  region size 1024K, 1 young (1024K), 1 survivors (1024K)
 Metaspace       used 27083K, capacity 27708K, committed 28028K, reserved 1075200K
  class space    used 2841K, capacity 3127K, committed 3196K, reserved 1048576K
}
Event: 930.177 GC heap before
{Heap before GC invocations=7540 (full 0):
 garbage-first heap   total 147456K, used 128867K [0x0000000081c00000, 0x0000000100000000)
  region size 1024K, 72 young (73728K), 1 survivors (1024K)
 Metaspace       used 27083K, capacity 27708K, committed 28028K, reserved 1075200K
  class space    used 2841K, capacity 3127K, committed 3196K, reserved 1048576K
}
Event: 930.178 GC heap after
{Heap after GC invocations=7541 (full 0):
 garbage-first heap   total 147456K, used 56163K [0x0000000081c00000, 0x0000000100000000)
  region size 1024K, 1 young (1024K), 1 survivors (1024K)
 Metaspace       used 27083K, capacity 27708K, committed 28028K, reserved 1075200K
  class space    used 2841K, capacity 3127K, committed 3196K, reserved 1048576K
}
Event: 930.295 GC heap before
{Heap before GC invocations=7541 (full 0):
 garbage-first heap   total 147456K, used 128867K [0x0000000081c00000, 0x0000000100000000)
  region size 1024K, 72 young (73728K), 1 survivors (1024K)
 Metaspace       used 27083K, capacity 27708K, committed 28028K, reserved 1075200K
  class space    used 2841K, capacity 3127K, committed 3196K, reserved 1048576K
}
Event: 930.296 GC heap after
{Heap after GC invocations=7542 (full 0):
 garbage-first heap   total 147456K, used 56163K [0x0000000081c00000, 0x0000000100000000)
  region size 1024K, 1 young (1024K), 1 survivors (1024K)
 Metaspace       used 27083K, capacity 27708K, committed 28028K, reserved 1075200K
  class space    used 2841K, capacity 3127K, committed 3196K, reserved 1048576K
}
Event: 930.413 GC heap before
{Heap before GC invocations=7542 (full 0):
 garbage-first heap   total 147456K, used 128867K [0x0000000081c00000, 0x0000000100000000)
  region size 1024K, 72 young (73728K), 1 survivors (1024K)
 Metaspace       used 27084K, capacity 27708K, committed 28028K, reserved 1075200K
  class space    used 2841K, capacity 3127K, committed 3196K, reserved 1048576K
}
Event: 930.414 GC heap after
{Heap after GC invocations=7543 (full 0):
 garbage-first heap   total 147456K, used 56163K [0x0000000081c00000, 0x0000000100000000)
  region size 1024K, 1 young (1024K), 1 survivors (1024K)
 Metaspace       used 27084K, capacity 27708K, committed 28028K, reserved 1075200K
  class space    used 2841K, capacity 3127K, committed 3196K, reserved 1048576K
}
Event: 930.530 GC heap before
{Heap before GC invocations=7543 (full 0):
 garbage-first heap   total 147456K, used 128867K [0x0000000081c00000, 0x0000000100000000)
  region size 1024K, 72 young (73728K), 1 survivors (1024K)
 Metaspace       used 27087K, capacity 27708K, committed 28028K, reserved 1075200K
  class space    used 2841K, capacity 3127K, committed 3196K, reserved 1048576K
}
Event: 930.530 GC heap after
{Heap after GC invocations=7544 (full 0):
 garbage-first heap   total 147456K, used 56163K [0x0000000081c00000, 0x0000000100000000)
  region size 1024K, 1 young (1024K), 1 survivors (1024K)
 Metaspace       used 27087K, capacity 27708K, committed 28028K, reserved 1075200K
  class space    used 2841K, capacity 3127K, committed 3196K, reserved 1048576K
}
Event: 930.649 GC heap before
{Heap before GC invocations=7544 (full 0):
 garbage-first heap   total 147456K, used 128867K [0x0000000081c00000, 0x0000000100000000)
  region size 1024K, 72 young (73728K), 1 survivors (1024K)
 Metaspace       used 27087K, capacity 27708K, committed 28028K, reserved 1075200K
  class space    used 2841K, capacity 3127K, committed 3196K, reserved 1048576K
}
Event: 930.649 GC heap after
{Heap after GC invocations=7545 (full 0):
 garbage-first heap   total 147456K, used 56163K [0x0000000081c00000, 0x0000000100000000)
  region size 1024K, 1 young (1024K), 1 survivors (1024K)
 Metaspace       used 27087K, capacity 27708K, committed 28028K, reserved 1075200K
  class space    used 2841K, capacity 3127K, committed 3196K, reserved 1048576K
}
Event: 930.766 GC heap before
{Heap before GC invocations=7545 (full 0):
 garbage-first heap   total 147456K, used 128867K [0x0000000081c00000, 0x0000000100000000)
  region size 1024K, 72 young (73728K), 1 survivors (1024K)
 Metaspace       used 27087K, capacity 27708K, committed 28028K, reserved 1075200K
  class space    used 2841K, capacity 3127K, committed 3196K, reserved 1048576K
}
Event: 930.767 GC heap after
{Heap after GC invocations=7546 (full 0):
 garbage-first heap   total 147456K, used 56163K [0x0000000081c00000, 0x0000000100000000)
  region size 1024K, 1 young (1024K), 1 survivors (1024K)
 Metaspace       used 27087K, capacity 27708K, committed 28028K, reserved 1075200K
  class space    used 2841K, capacity 3127K, committed 3196K, reserved 1048576K
}

Deoptimization events (20 events):
Event: 881.316 Thread 0x000001b84f6c0800 DEOPT PACKING pc=0x000001b83f309a1c sp=0x0000008cf6dfd730
Event: 881.316 Thread 0x000001b84f6c0800 DEOPT UNPACKING pc=0x000001b8376d912f sp=0x0000008cf6dfd5a8 mode 2
Event: 881.318 Thread 0x000001b84f6c0800 DEOPT PACKING pc=0x000001b83876bbb7 sp=0x0000008cf6dfc630
Event: 881.318 Thread 0x000001b84f6c0800 DEOPT UNPACKING pc=0x000001b8376d964e sp=0x0000008cf6dfba28 mode 0
Event: 882.715 Thread 0x000001b84f6c0800 DEOPT PACKING pc=0x000001b83876bbb7 sp=0x0000008cf6dfd400
Event: 882.715 Thread 0x000001b84f6c0800 DEOPT UNPACKING pc=0x000001b8376d964e sp=0x0000008cf6dfc7f8 mode 0
Event: 883.429 Thread 0x000001b84f6c0800 DEOPT PACKING pc=0x000001b83876bd41 sp=0x0000008cf6dfd430
Event: 883.429 Thread 0x000001b84f6c0800 DEOPT UNPACKING pc=0x000001b8376d964e sp=0x0000008cf6dfc830 mode 0
Event: 884.979 Thread 0x000001b84f6c0800 DEOPT PACKING pc=0x000001b83876bbb7 sp=0x0000008cf6dfc970
Event: 884.979 Thread 0x000001b84f6c0800 DEOPT UNPACKING pc=0x000001b8376d964e sp=0x0000008cf6dfbd68 mode 0
Event: 885.676 Thread 0x000001b84f6c0800 Uncommon trap: trap_request=0xffffff45 fr.pc=0x000001b83f5d0300 relative=0x0000000000001640
Event: 885.676 Thread 0x000001b84f6c0800 Uncommon trap: reason=unstable_if action=reinterpret pc=0x000001b83f5d0300 method=java.awt.Component.dispatchEventImpl(Ljava/awt/AWTEvent;)V @ 230 c2
Event: 885.676 Thread 0x000001b84f6c0800 DEOPT PACKING pc=0x000001b83f5d0300 sp=0x0000008cf6dfe820
Event: 885.676 Thread 0x000001b84f6c0800 DEOPT UNPACKING pc=0x000001b8376d912f sp=0x0000008cf6dfe7e0 mode 2
Event: 887.302 Thread 0x000001b84f6c0800 DEOPT PACKING pc=0x000001b83876c0f3 sp=0x0000008cf6dfd5d0
Event: 887.302 Thread 0x000001b84f6c0800 DEOPT UNPACKING pc=0x000001b8376d964e sp=0x0000008cf6dfc9d0 mode 0
Event: 930.865 Thread 0x000001b84eae5000 Uncommon trap: trap_request=0xffffff45 fr.pc=0x000001b83f5be3f8 relative=0x00000000000005f8
Event: 930.865 Thread 0x000001b84eae5000 Uncommon trap: reason=unstable_if action=reinterpret pc=0x000001b83f5be3f8 method=java.io.ObjectInputStream$BlockDataInputStream.readBlockHeader(Z)I @ 45 c2
Event: 930.865 Thread 0x000001b84eae5000 DEOPT PACKING pc=0x000001b83f5be3f8 sp=0x0000008cf65fef60
Event: 930.865 Thread 0x000001b84eae5000 DEOPT UNPACKING pc=0x000001b8376d912f sp=0x0000008cf65fee40 mode 2

Classes unloaded (1 events):
Event: 10.476 Thread 0x000001b84e01e800 Unloading class 0x0000000800bb9040 'org/netbeans/lib/profiler/ConstructorTest'

Classes redefined (0 events):
No events

Internal exceptions (20 events):
Event: 80.828 Thread 0x000001b84f6c0800 Exception <a 'java/lang/NoSuchMethodError'{0x0000000085e60560}: 'java.lang.Object java.lang.invoke.DirectMethodHandle$Holder.invokeSpecial(java.lang.Object, java.lang.Object, long, java.lang.Object, java.lang.Object, java.lang.Object, java.lang.Object, java.lang.Object, java.lang.Object, java.lang.Object, java.lang.Object, java.lang.Object, java.lang.Object, java.lang.Object)'> (0x0000000085e60560) 
thrown [t:/workspace/open/src/hotspot/share/interpreter/linkResolver.cpp, line 767]
Event: 80.828 Thread 0x000001b84f6c0800 Exception <a 'java/lang/NoSuchMethodError'{0x0000000085e645b0}: 'java.lang.Object java.lang.invoke.DelegatingMethodHandle$Holder.reinvoke_L(java.lang.Object, long, java.lang.Object, java.lang.Object, java.lang.Object, java.lang.Object, java.lang.Object, java.lang.Object, java.lang.Object, java.lang.Object, java.lang.Object, java.lang.Object, java.lang.Object)'> (0x0000000085e645b0) 
thrown [t:/workspace/open/src/hotspot/share/interpreter/linkResolver.cpp, line 767]
Event: 80.831 Thread 0x000001b84f6c0800 Exception <a 'java/lang/NoSuchMethodError'{0x0000000085ea1e10}: 'java.lang.Object java.lang.invoke.DirectMethodHandle$Holder.invokeSpecial(java.lang.Object, java.lang.Object, java.lang.Object, java.lang.Object, java.lang.Object, java.lang.Object, java.lang.Object, java.lang.Object, java.lang.Object, java.lang.Object, java.lang.Object, java.lang.Object, java.lang.Object)'> (0x0000000085ea1e10) 
thrown [t:/workspace/open/src/hotspot/share/interpreter/linkResolver.cpp, line 767]
Event: 80.831 Thread 0x000001b84f6c0800 Exception <a 'java/lang/NoSuchMethodError'{0x0000000085ea65d8}: 'java.lang.Object java.lang.invoke.Invokers$Holder.linkToTargetMethod(java.lang.Object, java.lang.Object, java.lang.Object, java.lang.Object, java.lang.Object, java.lang.Object, java.lang.Object, java.lang.Object, java.lang.Object, java.lang.Object, java.lang.Object, java.lang.Object)'> (0x0000000085ea65d8) 
thrown [t:/workspace/open/src/hotspot/share/interpreter/linkResolver.cpp, line 767]
Event: 80.960 Thread 0x000001b84f6c0800 Exception <a 'java/lang/NoSuchMethodError'{0x000000008a242c78}: 'java.lang.Object java.lang.invoke.DirectMethodHandle$Holder.invokeSpecial(java.lang.Object, java.lang.Object, java.lang.Object, java.lang.Object, java.lang.Object, java.lang.Object, int)'> (0x000000008a242c78) 
thrown [t:/workspace/open/src/hotspot/share/interpreter/linkResolver.cpp, line 767]
Event: 80.961 Thread 0x000001b84f6c0800 Exception <a 'java/lang/NoSuchMethodError'{0x000000008a246330}: 'java.lang.Object java.lang.invoke.DelegatingMethodHandle$Holder.reinvoke_L(java.lang.Object, java.lang.Object, java.lang.Object, java.lang.Object, java.lang.Object, int)'> (0x000000008a246330) 
thrown [t:/workspace/open/src/hotspot/share/interpreter/linkResolver.cpp, line 767]
Event: 81.091 Thread 0x000001b84f6c0800 Implicit null exception at 0x000001b83f2ae6bd to 0x000001b83f2aee6e
Event: 81.091 Thread 0x000001b84f6c0800 Implicit null exception at 0x000001b83f2ebf14 to 0x000001b83f2ebf66
Event: 81.221 Thread 0x000001b84f6c0800 Exception <a 'java/lang/NoSuchMethodError'{0x0000000087ed91a0}: 'java.lang.Object java.lang.invoke.Invokers$Holder.linkToTargetMethod(java.lang.Object, java.lang.Object, java.lang.Object, java.lang.Object, java.lang.Object, java.lang.Object)'> (0x0000000087ed91a0) 
thrown [t:/workspace/open/src/hotspot/share/interpreter/linkResolver.cpp, line 767]
Event: 81.314 Thread 0x000001b84f6c0800 Exception <a 'java/lang/NoSuchMethodError'{0x000000008718d018}: 'java.lang.Object java.lang.invoke.DirectMethodHandle$Holder.invokeSpecial(java.lang.Object, java.lang.Object, long, java.lang.Object, java.lang.Object, java.lang.Object, java.lang.Object, java.lang.Object, java.lang.Object, java.lang.Object, java.lang.Object, java.lang.Object, java.lang.Object)'> (0x000000008718d018) 
thrown [t:/workspace/open/src/hotspot/share/interpreter/linkResolver.cpp, line 767]
Event: 81.315 Thread 0x000001b84f6c0800 Exception <a 'java/lang/NoSuchMethodError'{0x0000000087190ec8}: 'java.lang.Object java.lang.invoke.DelegatingMethodHandle$Holder.reinvoke_L(java.lang.Object, long, java.lang.Object, java.lang.Object, java.lang.Object, java.lang.Object, java.lang.Object, java.lang.Object, java.lang.Object, java.lang.Object, java.lang.Object, java.lang.Object)'> (0x0000000087190ec8) 
thrown [t:/workspace/open/src/hotspot/share/interpreter/linkResolver.cpp, line 767]
Event: 81.321 Thread 0x000001b84f6c0800 Exception <a 'java/lang/NoSuchMethodError'{0x00000000871cbb10}: 'java.lang.Object java.lang.invoke.DelegatingMethodHandle$Holder.reinvoke_L(java.lang.Object, java.lang.Object, java.lang.Object, java.lang.Object, java.lang.Object, java.lang.Object, java.lang.Object, double, java.lang.Object, java.lang.Object, java.lang.Object)'> (0x00000000871cbb10) 
thrown [t:/workspace/open/src/hotspot/share/interpreter/linkResolver.cpp, line 767]
Event: 147.224 Thread 0x000001b84f6c0800 Implicit null exception at 0x000001b83f46037c to 0x000001b83f463f6a
Event: 184.618 Thread 0x000001b84f6c0800 Exception <a 'java/lang/NoSuchMethodError'{0x0000000086778ac0}: 'java.lang.Object java.lang.invoke.DelegatingMethodHandle$Holder.reinvoke_L(java.lang.Object, java.lang.Object, java.lang.Object, java.lang.Object, int, java.lang.Object)'> (0x0000000086778ac0) 
thrown [t:/workspace/open/src/hotspot/share/interpreter/linkResolver.cpp, line 767]
Event: 184.618 Thread 0x000001b84f6c0800 Exception <a 'java/lang/NoSuchMethodError'{0x000000008677bcf0}: 'java.lang.Object java.lang.invoke.Invokers$Holder.linkToTargetMethod(java.lang.Object, java.lang.Object, java.lang.Object, int, java.lang.Object, java.lang.Object)'> (0x000000008677bcf0) 
thrown [t:/workspace/open/src/hotspot/share/interpreter/linkResolver.cpp, line 767]
Event: 336.515 Thread 0x000001b84f6c0800 Implicit null exception at 0x000001b83f1dc385 to 0x000001b83f1dc8ce
Event: 347.498 Thread 0x000001b84f6c0800 Exception <a 'java/lang/NoSuchMethodError'{0x000000008a6fbc18}: 'java.lang.Object java.lang.invoke.DirectMethodHandle$Holder.invokeSpecial(java.lang.Object, java.lang.Object, long, java.lang.Object, java.lang.Object, int, java.lang.Object, java.lang.Object, int)'> (0x000000008a6fbc18) 
thrown [t:/workspace/open/src/hotspot/share/interpreter/linkResolver.cpp, line 767]
Event: 347.499 Thread 0x000001b84f6c0800 Exception <a 'java/lang/NoSuchMethodError'{0x000000008a6ff170}: 'java.lang.Object java.lang.invoke.DelegatingMethodHandle$Holder.reinvoke_L(java.lang.Object, long, java.lang.Object, java.lang.Object, int, java.lang.Object, java.lang.Object, int)'> (0x000000008a6ff170) 
thrown [t:/workspace/open/src/hotspot/share/interpreter/linkResolver.cpp, line 767]
Event: 879.156 Thread 0x000001b84eae5000 Implicit null exception at 0x000001b83f665834 to 0x000001b83f66640e
Event: 879.156 Thread 0x000001b84eae5000 Implicit null exception at 0x000001b83f65e3ba to 0x000001b83f65f4c5

Events (20 events):
Event: 930.748 Executing VM operation: GetAllStackTraces
Event: 930.748 Executing VM operation: GetAllStackTraces done
Event: 930.763 Executing VM operation: GetAllStackTraces
Event: 930.763 Executing VM operation: GetAllStackTraces done
Event: 930.766 Executing VM operation: G1CollectForAllocation
Event: 930.767 Executing VM operation: G1CollectForAllocation done
Event: 930.785 Executing VM operation: GetAllStackTraces
Event: 930.786 Executing VM operation: GetAllStackTraces done
Event: 930.801 Executing VM operation: GetAllStackTraces
Event: 930.801 Executing VM operation: GetAllStackTraces done
Event: 930.817 Executing VM operation: GetAllStackTraces
Event: 930.817 Executing VM operation: GetAllStackTraces done
Event: 930.832 Executing VM operation: GetAllStackTraces
Event: 930.833 Executing VM operation: GetAllStackTraces done
Event: 930.848 Executing VM operation: GetAllStackTraces
Event: 930.848 Executing VM operation: GetAllStackTraces done
Event: 930.864 Executing VM operation: GetAllStackTraces
Event: 930.864 Executing VM operation: GetAllStackTraces done
Event: 930.865 loading class org/netbeans/lib/profiler/wireprotocol/GetMethodNamesForJMethodIdsCommand
Event: 930.865 loading class org/netbeans/lib/profiler/wireprotocol/GetMethodNamesForJMethodIdsCommand done


Dynamic libraries:
0x00007ff667cf0000 - 0x00007ff667cfd000 	C:\Program Files\Java\jdk-13\bin\java.exe
0x00007ffdbf9b0000 - 0x00007ffdbfba8000 	C:\WINDOWS\SYSTEM32\ntdll.dll
0x00007ffdbf110000 - 0x00007ffdbf1cf000 	C:\WINDOWS\System32\KERNEL32.DLL
0x00007ffdbd100000 - 0x00007ffdbd3f6000 	C:\WINDOWS\System32\KERNELBASE.dll
0x00007ffdbd400000 - 0x00007ffdbd500000 	C:\WINDOWS\System32\ucrtbase.dll
0x00007ffdb77d0000 - 0x00007ffdb77e5000 	C:\Program Files\Java\jdk-13\bin\VCRUNTIME140.dll
0x00007ffd9fa90000 - 0x00007ffd9faa8000 	C:\Program Files\Java\jdk-13\bin\jli.dll
0x00007ffdbea90000 - 0x00007ffdbec2d000 	C:\WINDOWS\System32\USER32.dll
0x00007ffdbd990000 - 0x00007ffdbd9b2000 	C:\WINDOWS\System32\win32u.dll
0x00007ffda6860000 - 0x00007ffda6afa000 	C:\WINDOWS\WinSxS\amd64_microsoft.windows.common-controls_6595b64144ccf1df_6.0.19041.1110_none_60b5254171f9507e\COMCTL32.dll
0x00007ffdbe9f0000 - 0x00007ffdbea8e000 	C:\WINDOWS\System32\msvcrt.dll
0x00007ffdbde80000 - 0x00007ffdbdeac000 	C:\WINDOWS\System32\GDI32.dll
0x00007ffdbd660000 - 0x00007ffdbd775000 	C:\WINDOWS\System32\gdi32full.dll
0x00007ffdbd860000 - 0x00007ffdbd8fd000 	C:\WINDOWS\System32\msvcp_win.dll
0x00007ffdbf1d0000 - 0x00007ffdbf200000 	C:\WINDOWS\System32\IMM32.DLL
0x00007ffd8ff80000 - 0x00007ffd9001b000 	C:\Program Files\Java\jdk-13\bin\msvcp140.dll
0x00007ffd53910000 - 0x00007ffd54476000 	C:\Program Files\Java\jdk-13\bin\server\jvm.dll
0x00007ffdbe620000 - 0x00007ffdbe6cf000 	C:\WINDOWS\System32\ADVAPI32.dll
0x00007ffdbe4a0000 - 0x00007ffdbe53c000 	C:\WINDOWS\System32\sechost.dll
0x00007ffdbeed0000 - 0x00007ffdbeff6000 	C:\WINDOWS\System32\RPCRT4.dll
0x00007ffdbde70000 - 0x00007ffdbde78000 	C:\WINDOWS\System32\PSAPI.DLL
0x00007ffdb6140000 - 0x00007ffdb6167000 	C:\WINDOWS\SYSTEM32\WINMM.dll
0x00007ffdb6b40000 - 0x00007ffdb6b49000 	C:\WINDOWS\SYSTEM32\WSOCK32.dll
0x00007ffdb6b30000 - 0x00007ffdb6b3a000 	C:\WINDOWS\SYSTEM32\VERSION.dll
0x00007ffdbdd70000 - 0x00007ffdbdddb000 	C:\WINDOWS\System32\WS2_32.dll
0x00007ffdbaf80000 - 0x00007ffdbaf92000 	C:\WINDOWS\SYSTEM32\kernel.appcore.dll
0x00007ffdb9d40000 - 0x00007ffdb9d50000 	C:\Program Files\Java\jdk-13\bin\verify.dll
0x00007ffdbaa40000 - 0x00007ffdbac24000 	C:\WINDOWS\SYSTEM32\DBGHELP.DLL
0x00007ffda4ed0000 - 0x00007ffda4f04000 	C:\WINDOWS\SYSTEM32\dbgcore.DLL
0x00007ffdbd900000 - 0x00007ffdbd982000 	C:\WINDOWS\System32\bcryptPrimitives.dll
0x00007ffd9f820000 - 0x00007ffd9f846000 	C:\Program Files\Java\jdk-13\bin\java.dll
0x00007ffdb4e50000 - 0x00007ffdb4e5f000 	C:\Program Files\NetBeans-11.3\netbeans\profiler\lib\deployed\jdk16\windows-amd64\profilerinterface.dll
0x00007ffdb55b0000 - 0x00007ffdb55c7000 	C:\Program Files\Java\jdk-13\bin\zip.dll
0x00007ffdb9c60000 - 0x00007ffdb9c6a000 	C:\Program Files\Java\jdk-13\bin\jimage.dll
0x00007ffdbf200000 - 0x00007ffdbf944000 	C:\WINDOWS\System32\SHELL32.dll
0x00007ffdbb130000 - 0x00007ffdbb8c3000 	C:\WINDOWS\SYSTEM32\windows.storage.dll
0x00007ffdbda10000 - 0x00007ffdbdd64000 	C:\WINDOWS\System32\combase.dll
0x00007ffdbca00000 - 0x00007ffdbca2e000 	C:\WINDOWS\SYSTEM32\Wldp.dll
0x00007ffdbf000000 - 0x00007ffdbf0ad000 	C:\WINDOWS\System32\SHCORE.dll
0x00007ffdbe990000 - 0x00007ffdbe9e5000 	C:\WINDOWS\System32\shlwapi.dll
0x00007ffdbcfc0000 - 0x00007ffdbcfe5000 	C:\WINDOWS\SYSTEM32\profapi.dll
0x00007ffda78a0000 - 0x00007ffda78b9000 	C:\Program Files\Java\jdk-13\bin\net.dll
0x00007ffdb1150000 - 0x00007ffdb125a000 	C:\WINDOWS\SYSTEM32\WINHTTP.dll
0x00007ffdb8ec0000 - 0x00007ffdb90ad000 	C:\WINDOWS\SYSTEM32\urlmon.dll
0x00007ffdb7f40000 - 0x00007ffdb81fc000 	C:\WINDOWS\SYSTEM32\iertutil.dll
0x00007ffdb8e90000 - 0x00007ffdb8eb9000 	C:\WINDOWS\SYSTEM32\srvcli.dll
0x00007ffdbc560000 - 0x00007ffdbc56c000 	C:\WINDOWS\SYSTEM32\netutils.dll
0x00007ffdbc760000 - 0x00007ffdbc7ca000 	C:\WINDOWS\system32\mswsock.dll
0x00007ffda7860000 - 0x00007ffda7873000 	C:\Program Files\Java\jdk-13\bin\nio.dll
0x00007ffdb7770000 - 0x00007ffdb7779000 	C:\Program Files\Java\jdk-13\bin\management.dll
0x00007ffdb6bc0000 - 0x00007ffdb6bcb000 	C:\Program Files\Java\jdk-13\bin\management_ext.dll
0x00007ffdbc960000 - 0x00007ffdbc978000 	C:\WINDOWS\SYSTEM32\CRYPTSP.dll
0x00007ffdbc070000 - 0x00007ffdbc0a4000 	C:\WINDOWS\system32\rsaenh.dll
0x00007ffdbd830000 - 0x00007ffdbd857000 	C:\WINDOWS\System32\bcrypt.dll
0x00007ffdbcf40000 - 0x00007ffdbcf6e000 	C:\WINDOWS\SYSTEM32\USERENV.dll
0x00007ffdbc950000 - 0x00007ffdbc95c000 	C:\WINDOWS\SYSTEM32\CRYPTBASE.dll
0x00007ffdbc450000 - 0x00007ffdbc48b000 	C:\WINDOWS\SYSTEM32\IPHLPAPI.DLL
0x00007ffdbec30000 - 0x00007ffdbec38000 	C:\WINDOWS\System32\NSI.dll
0x00007ffdb15b0000 - 0x00007ffdb15c7000 	C:\WINDOWS\SYSTEM32\dhcpcsvc6.DLL
0x00007ffdb1c10000 - 0x00007ffdb1c2d000 	C:\WINDOWS\SYSTEM32\dhcpcsvc.DLL
0x00007ffdbc490000 - 0x00007ffdbc55a000 	C:\WINDOWS\SYSTEM32\DNSAPI.dll
0x00007ffd8e6b0000 - 0x00007ffd8e848000 	C:\Program Files\Java\jdk-13\bin\awt.dll
0x00007ffdbe780000 - 0x00007ffdbe84d000 	C:\WINDOWS\System32\OLEAUT32.dll
0x00007ffdb88d0000 - 0x00007ffdb8e90000 	C:\WINDOWS\SYSTEM32\d2d1.dll
0x00007ffdba500000 - 0x00007ffdba591000 	C:\WINDOWS\SYSTEM32\apphelp.dll
0x00007ffdba650000 - 0x00007ffdba6ee000 	C:\WINDOWS\system32\uxtheme.dll
0x00007ffdbdeb0000 - 0x00007ffdbdfc4000 	C:\WINDOWS\System32\MSCTF.dll
0x00007ffdbe850000 - 0x00007ffdbe97a000 	C:\WINDOWS\System32\ole32.dll
0x00007ffdba820000 - 0x00007ffdba84f000 	C:\WINDOWS\system32\DWMAPI.DLL
0x00007ffd8f9e0000 - 0x00007ffd8fa62000 	C:\Program Files\Java\jdk-13\bin\freetype.dll
0x00007ffd8e600000 - 0x00007ffd8e6a6000 	C:\Program Files\Java\jdk-13\bin\fontmanager.dll
0x00007ffd9d430000 - 0x00007ffd9d555000 	C:\WINDOWS\system32\opengl32.dll
0x00007ffda51b0000 - 0x00007ffda51dc000 	C:\WINDOWS\SYSTEM32\GLU32.dll
0x00007ffdbe6d0000 - 0x00007ffdbe779000 	C:\WINDOWS\System32\clbcatq.dll
0x00007ffdb4fc0000 - 0x00007ffdb5174000 	C:\WINDOWS\SYSTEM32\WindowsCodecs.dll
0x00007ffd94d20000 - 0x00007ffd94d5e000 	C:\WINDOWS\system32\dataexchange.dll
0x00007ffdb7b80000 - 0x00007ffdb7de3000 	C:\WINDOWS\system32\d3d11.dll
0x00007ffdb8200000 - 0x00007ffdb83e3000 	C:\WINDOWS\system32\dcomp.dll
0x00007ffdbba50000 - 0x00007ffdbbb43000 	C:\WINDOWS\system32\dxgi.dll
0x00007ffdb5b00000 - 0x00007ffdb5d07000 	C:\WINDOWS\system32\twinapi.appcore.dll
0x00007ffdafa30000 - 0x00007ffdafa3a000 	C:\Windows\System32\rasadhlp.dll
0x00007ffdafb30000 - 0x00007ffdafbb2000 	C:\WINDOWS\System32\fwpuclnt.dll
0x00007ffdae2d0000 - 0x00007ffdae2de000 	C:\Program Files\Java\jdk-13\bin\sunmscapi.dll
0x00007ffdbd500000 - 0x00007ffdbd65e000 	C:\WINDOWS\System32\CRYPT32.dll
0x00007ffdbca70000 - 0x00007ffdbca98000 	C:\WINDOWS\SYSTEM32\ncrypt.dll
0x00007ffdbca30000 - 0x00007ffdbca6b000 	C:\WINDOWS\SYSTEM32\NTASN1.dll
0x00007ffd7f680000 - 0x00007ffd7f6a5000 	C:\Program Files\Java\jdk-13\bin\sunec.dll
0x00007ffdb1050000 - 0x00007ffdb114a000 	C:\WINDOWS\SYSTEM32\textinputframework.dll
0x00007ffdb9f70000 - 0x00007ffdba2ce000 	C:\WINDOWS\System32\CoreUIComponents.dll
0x00007ffdbc1b0000 - 0x00007ffdbc1e3000 	C:\WINDOWS\SYSTEM32\ntmarta.dll
0x00007ffdba2d0000 - 0x00007ffdba3c2000 	C:\WINDOWS\System32\CoreMessaging.dll
0x00007ffdb9640000 - 0x00007ffdb9794000 	C:\WINDOWS\SYSTEM32\wintypes.dll

dbghelp: loaded successfully - version: 4.0.5 - missing functions: none
symbol engine: initialized successfully - sym options: 0x614 - pdb path: .;C:\Program Files\Java\jdk-13\bin;C:\WINDOWS\SYSTEM32;C:\WINDOWS\WinSxS\amd64_microsoft.windows.common-controls_6595b64144ccf1df_6.0.19041.1110_none_60b5254171f9507e;C:\Program Files\Java\jdk-13\bin\server;C:\Program Files\NetBeans-11.3\netbeans\profiler\lib\deployed\jdk16\windows-amd64

VM Arguments:
jvm_args: -Dfile.encoding=UTF-8 -agentpath:C:/Program Files/NetBeans-11.3/netbeans/profiler/lib/deployed/jdk16/windows-amd64/profilerinterface.dll=C:\Program Files\NetBeans-11.3\netbeans\profiler\lib,5140,10 -XX:+HeapDumpOnOutOfMemoryError -XX:HeapDumpPath=C:\Users\SankA\Downloads\bank\bank\jayantha_storetest_sasitha_update\jayantha_storetest_sasitha_update\nbproject\private\profiler 
java_command: INF.Login
java_class_path (initial): C:\Users\SankA\Desktop\ww\ww\jar_files\rs2xml.jar;C:\Users\SankA\Desktop\ww\ww\jar_files\jcalendar-1.4.jar;C:\Users\SankA\Desktop\ww\ww\jar_files\mysql-connector-java-8.0.22.jar;C:\Program Files\NetBeans-11.3\netbeans\java\modules\ext\AbsoluteLayout.jar;C:\Users\SankA\Downloads\bank\bank\jayantha_storetest_sasitha_update\jayantha_storetest_sasitha_update\build\classes
Launcher Type: SUN_STANDARD

[Global flags]
     intx CICompilerCount                          = 4                                         {product} {ergonomic}
     uint ConcGCThreads                            = 2                                         {product} {ergonomic}
     uint G1ConcRefinementThreads                  = 8                                         {product} {ergonomic}
   size_t G1HeapRegionSize                         = 1048576                                   {product} {ergonomic}
    uintx GCDrainStackTargetSize                   = 64                                        {product} {ergonomic}
     bool HeapDumpOnOutOfMemoryError               = true                                   {manageable} {command line}
    ccstr HeapDumpPath                             = C:\Users\SankA\Downloads\bank\bank\jayantha_storetest_sasitha_update\jayantha_storetest_sasitha_update\nbproject\private\profiler         {manageable} {command line}
   size_t InitialHeapSize                          = 134217728                                 {product} {ergonomic}
   size_t MarkStackSize                            = 4194304                                   {product} {ergonomic}
   size_t MaxHeapSize                              = 2118123520                                {product} {ergonomic}
   size_t MaxNewSize                               = 1270874112                                {product} {ergonomic}
   size_t MinHeapDeltaBytes                        = 1048576                                   {product} {ergonomic}
   size_t MinHeapSize                              = 8388608                                   {product} {ergonomic}
    uintx NonNMethodCodeHeapSize                   = 5836300                                {pd product} {ergonomic}
    uintx NonProfiledCodeHeapSize                  = 122910970                              {pd product} {ergonomic}
    uintx ProfiledCodeHeapSize                     = 122910970                              {pd product} {ergonomic}
    uintx ReservedCodeCacheSize                    = 251658240                              {pd product} {ergonomic}
     bool SegmentedCodeCache                       = true                                      {product} {ergonomic}
   size_t SoftMaxHeapSize                          = 2118123520                             {manageable} {ergonomic}
     bool UseCompressedClassPointers               = true                                 {lp64_product} {ergonomic}
     bool UseCompressedOops                        = true                                 {lp64_product} {ergonomic}
     bool UseG1GC                                  = true                                      {product} {ergonomic}
     bool UseLargePagesIndividualAllocation        = false                                  {pd product} {ergonomic}

Logging:
Log output configuration:
 #0: stdout all=warning uptime,level,tags
 #1: stderr all=off uptime,level,tags

Environment Variables:
JAVA_HOME=C:\Program Files\Java\jdk-12.0.2
CLASSPATH=.;
PATH=C:\Python310\Scripts\;C:\Python310\;C:\Program Files (x86)\Common Files\Oracle\Java\javapath;C:\Program Files (x86)\Common Files\Intel\Shared Libraries\redist\intel64\compiler;C:\Windows\system32;C:\Windows;C:\Windows\System32\Wbem;C:\Windows\System32\WindowsPowerShell\v1.0\;C:\Windows\System32\OpenSSH\;C:\Program Files\NVIDIA Corporation\NVIDIA NvDLISR;C:\ProgramData\chocolatey\bin;C:\Program Files\Java\jdk1.8.0_221\bin;C:\WINDOWS\system32;C:\WINDOWS;C:\WINDOWS\System32\Wbem;C:\WINDOWS\System32\WindowsPowerShell\v1.0\;C:\WINDOWS\System32\OpenSSH\;C:\Program Files (x86)\sqlite3;C:\Program Files\apache-maven-3.6.3-bin\apache-maven-3.6.3\bin;C:\geckodriver;C:\Program Files\Microsoft SQL Server\Client SDK\ODBC\110\Tools\Binn\;C:\Program Files (x86)\Microsoft SQL Server\120\Tools\Binn\;C:\Program Files\Microsoft SQL Server\120\Tools\Binn\;C:\Program Files\Microsoft SQL Server\120\DTS\Binn\;F:\New Folder\runtime\win64;F:\New Folder\bin;C:\wamp64\bin\php\php5.6.40;C:\ProgramData\ComposerSetup\bin;C:\Program Files\Git\cmd;E:\matlab\runtime\win64;E:\matlab\bin;C:\Users\SankA\AppData\Roaming\nvm;C:\Program Files\nodejs;C:\Program Files\nodejs\;C:\Program Files\Java\jdk-12.0.2\bin;D:\Anaconda;D:\Anaconda\Library\mingw-w64\bin;D:\Anaconda\Library\usr\bin;D:\Anaconda\Library\bin;D:\Anaconda\Scripts;C:\Users\SankA\AppData\Local\Programs\Python\Python39\Scripts\;C:\Users\SankA\AppData\Local\Programs\Python\Python39\;C:\Program Files\MySQL\MySQL Shell 8.0\bin\;c:\Users\SankA\AppData\Local\Android\Sdk\platform-tools;C:\Users\SankA\AppData\Local\Microsoft\WindowsApps;C:\Users\SankA\AppData\Local\Programs\Microsoft VS Code\bin;D:\src\flutter_windows_2.0.3-stable\flutter\bin;C:\Users\SankA\AppData\Roaming\Composer\vendor\bin;C:\Program Files\Android\Android Studio\jre\bin;C:\Users\SankA\AppData\Roaming\nvm;C:\Program Files\nodejs;C:\Users\SankA\AppData\Roaming\npm;
USERNAME=SankA
OS=Windows_NT
PROCESSOR_IDENTIFIER=Intel64 Family 6 Model 142 Stepping 10, GenuineIntel



---------------  S Y S T E M  ---------------

OS: Windows 10 , 64 bit Build 19041 (10.0.19041.3155)

CPU:total 8 (initial active 8) (4 cores per cpu, 2 threads per core) family 6 model 142 stepping 10, cmov, cx8, fxsr, mmx, sse, sse2, sse3, ssse3, sse4.1, sse4.2, popcnt, avx, avx2, aes, clmul, erms, 3dnowpref, lzcnt, ht, tsc, tscinvbit, bmi1, bmi2, adx, fma

Memory: 4k page, system-wide physical 8078M (2462M free)
TotalPageFile size 12942M (AvailPageFile size 5521M)
current process WorkingSet (physical memory assigned to process): 329M, peak: 329M
current process commit charge ("private bytes"): 346M, peak: 346M

vm_info: OpenJDK 64-Bit Server VM (13+33) for windows-amd64 JRE (13+33), built on Aug  9 2019 11:21:18 by "mach5one" with unknown MS VC++:1916

END.
